2019-02-19 14:54:27.191 [restartedMain] INFO  priv.jesse.mall.MallApplication - Starting MallApplication on DESKTOP-P65EPN1 with PID 15752 (E:\workspace\mall\target\classes started by cassmall in E:\workspace\mall)
2019-02-19 14:54:27.195 [restartedMain] DEBUG priv.jesse.mall.MallApplication - Running with Spring Boot v1.5.8.RELEASE, Spring v4.3.12.RELEASE
2019-02-19 14:54:27.196 [restartedMain] INFO  priv.jesse.mall.MallApplication - No active profile set, falling back to default profiles: default
2019-02-19 14:54:27.359 [background-preinit] INFO  org.hibernate.validator.internal.util.Version - HV000001: Hibernate Validator 5.3.5.Final
2019-02-19 14:54:29.854 [restartedMain] INFO  org.apache.catalina.core.StandardService - Starting service [Tomcat]
2019-02-19 14:54:29.856 [restartedMain] INFO  org.apache.catalina.core.StandardEngine - Starting Servlet Engine: Apache Tomcat/8.5.23
2019-02-19 14:54:29.962 [localhost-startStop-1] INFO  org.apache.catalina.core.ContainerBase.[Tomcat].[localhost].[/mall] - Initializing Spring embedded WebApplicationContext
2019-02-19 14:54:31.395 [restartedMain] INFO  org.hibernate.jpa.internal.util.LogHelper - HHH000204: Processing PersistenceUnitInfo [
	name: default
	...]
2019-02-19 14:54:31.550 [restartedMain] INFO  org.hibernate.Version - HHH000412: Hibernate Core {5.0.12.Final}
2019-02-19 14:54:31.551 [restartedMain] INFO  org.hibernate.cfg.Environment - HHH000206: hibernate.properties not found
2019-02-19 14:54:31.552 [restartedMain] INFO  org.hibernate.cfg.Environment - HHH000021: Bytecode provider name : javassist
2019-02-19 14:54:31.591 [restartedMain] INFO  org.hibernate.annotations.common.Version - HCANN000001: Hibernate Commons Annotations {5.0.1.Final}
2019-02-19 14:54:31.851 [restartedMain] INFO  com.alibaba.druid.pool.DruidDataSource - {dataSource-1} inited
2019-02-19 14:54:31.861 [restartedMain] INFO  org.hibernate.dialect.Dialect - HHH000400: Using dialect: org.hibernate.dialect.MySQL5Dialect
2019-02-19 14:54:32.265 [restartedMain] INFO  org.hibernate.tool.hbm2ddl.SchemaUpdate - HHH000228: Running hbm2ddl schema update
2019-02-19 14:54:34.750 [restartedMain] INFO  org.apache.coyote.http11.Http11NioProtocol - Initializing ProtocolHandler ["http-nio-8081"]
2019-02-19 14:54:34.758 [restartedMain] INFO  org.apache.coyote.http11.Http11NioProtocol - Starting ProtocolHandler ["http-nio-8081"]
2019-02-19 14:54:34.777 [restartedMain] INFO  org.apache.tomcat.util.net.NioSelectorPool - Using a shared selector for servlet write/read
2019-02-19 14:54:34.838 [restartedMain] INFO  priv.jesse.mall.MallApplication - Started MallApplication in 7.894 seconds (JVM running for 9.577)
2019-02-19 14:55:08.257 [http-nio-8081-exec-2] INFO  org.apache.catalina.core.ContainerBase.[Tomcat].[localhost].[/mall] - Initializing Spring FrameworkServlet 'dispatcherServlet'
2019-02-19 14:55:08.348 [http-nio-8081-exec-2] INFO  org.thymeleaf.TemplateEngine - [THYMELEAF] INITIALIZING TEMPLATE ENGINE
2019-02-19 14:55:08.384 [http-nio-8081-exec-2] INFO  org.thymeleaf.templateresolver.AbstractTemplateResolver - [THYMELEAF] INITIALIZING TEMPLATE RESOLVER: org.thymeleaf.spring4.templateresolver.SpringResourceTemplateResolver
2019-02-19 14:55:08.385 [http-nio-8081-exec-2] INFO  org.thymeleaf.templateresolver.AbstractTemplateResolver - [THYMELEAF] TEMPLATE RESOLVER INITIALIZED OK
2019-02-19 14:55:08.385 [http-nio-8081-exec-2] INFO  org.thymeleaf.messageresolver.AbstractMessageResolver - [THYMELEAF] INITIALIZING MESSAGE RESOLVER: org.thymeleaf.spring4.messageresolver.SpringMessageResolver
2019-02-19 14:55:08.385 [http-nio-8081-exec-2] INFO  org.thymeleaf.messageresolver.AbstractMessageResolver - [THYMELEAF] MESSAGE RESOLVER INITIALIZED OK
2019-02-19 14:55:08.388 [http-nio-8081-exec-2] INFO  org.thymeleaf.TemplateEngine.CONFIG - [THYMELEAF] TEMPLATE ENGINE CONFIGURATION:
[THYMELEAF] * Cache Factory implementation: org.thymeleaf.cache.StandardCacheManager
[THYMELEAF] * Template modes:
[THYMELEAF]     * XML
[THYMELEAF]     * VALIDXML
[THYMELEAF]     * HTML5
[THYMELEAF]     * XHTML
[THYMELEAF]     * LEGACYHTML5
[THYMELEAF]     * VALIDXHTML
[THYMELEAF] * Template resolvers (in order):
[THYMELEAF]     * org.thymeleaf.spring4.templateresolver.SpringResourceTemplateResolver
[THYMELEAF] * Message resolvers (in order):
[THYMELEAF]     * org.thymeleaf.spring4.messageresolver.SpringMessageResolver
[THYMELEAF] * Dialect [1 of 2]: org.thymeleaf.spring4.dialect.SpringStandardDialect
[THYMELEAF]     * Prefix: "th"
[THYMELEAF] * Dialect [2 of 2]: nz.net.ultraq.thymeleaf.LayoutDialect
[THYMELEAF]     * Prefix: "layout"
[THYMELEAF] TEMPLATE ENGINE CONFIGURED OK
2019-02-19 14:55:08.388 [http-nio-8081-exec-2] INFO  org.thymeleaf.TemplateEngine - [THYMELEAF] TEMPLATE ENGINE INITIALIZED
2019-02-19 14:55:08.836 [http-nio-8081-exec-10] INFO  org.hibernate.hql.internal.QueryTranslatorFactoryInitiator - HHH000397: Using ASTQueryTranslatorFactory
2019-02-19 16:31:26.194 [restartedMain] INFO  priv.jesse.mall.MallApplication - Starting MallApplication on DESKTOP-P65EPN1 with PID 14288 (E:\workspace\mall\target\classes started by cassmall in E:\workspace\mall)
2019-02-19 16:31:26.198 [restartedMain] DEBUG priv.jesse.mall.MallApplication - Running with Spring Boot v1.5.8.RELEASE, Spring v4.3.12.RELEASE
2019-02-19 16:31:26.198 [restartedMain] INFO  priv.jesse.mall.MallApplication - No active profile set, falling back to default profiles: default
2019-02-19 16:31:26.376 [background-preinit] INFO  org.hibernate.validator.internal.util.Version - HV000001: Hibernate Validator 5.3.5.Final
2019-02-19 16:31:28.939 [restartedMain] INFO  org.apache.catalina.core.StandardService - Starting service [Tomcat]
2019-02-19 16:31:28.940 [restartedMain] INFO  org.apache.catalina.core.StandardEngine - Starting Servlet Engine: Apache Tomcat/8.5.23
2019-02-19 16:31:29.058 [localhost-startStop-1] INFO  org.apache.catalina.core.ContainerBase.[Tomcat].[localhost].[/mall] - Initializing Spring embedded WebApplicationContext
2019-02-19 16:31:30.441 [restartedMain] INFO  org.hibernate.jpa.internal.util.LogHelper - HHH000204: Processing PersistenceUnitInfo [
	name: default
	...]
2019-02-19 16:31:30.599 [restartedMain] INFO  org.hibernate.Version - HHH000412: Hibernate Core {5.0.12.Final}
2019-02-19 16:31:30.600 [restartedMain] INFO  org.hibernate.cfg.Environment - HHH000206: hibernate.properties not found
2019-02-19 16:31:30.601 [restartedMain] INFO  org.hibernate.cfg.Environment - HHH000021: Bytecode provider name : javassist
2019-02-19 16:31:30.644 [restartedMain] INFO  org.hibernate.annotations.common.Version - HCANN000001: Hibernate Commons Annotations {5.0.1.Final}
2019-02-19 16:31:30.956 [restartedMain] INFO  com.alibaba.druid.pool.DruidDataSource - {dataSource-1} inited
2019-02-19 16:31:30.966 [restartedMain] INFO  org.hibernate.dialect.Dialect - HHH000400: Using dialect: org.hibernate.dialect.MySQL5Dialect
2019-02-19 16:31:31.393 [restartedMain] INFO  org.hibernate.tool.hbm2ddl.SchemaUpdate - HHH000228: Running hbm2ddl schema update
2019-02-19 16:31:33.720 [restartedMain] INFO  org.apache.coyote.http11.Http11NioProtocol - Initializing ProtocolHandler ["http-nio-8081"]
2019-02-19 16:31:33.729 [restartedMain] INFO  org.apache.coyote.http11.Http11NioProtocol - Starting ProtocolHandler ["http-nio-8081"]
2019-02-19 16:31:33.748 [restartedMain] INFO  org.apache.tomcat.util.net.NioSelectorPool - Using a shared selector for servlet write/read
2019-02-19 16:31:33.772 [restartedMain] INFO  priv.jesse.mall.MallApplication - Started MallApplication in 7.856 seconds (JVM running for 9.248)
2019-02-19 16:31:51.947 [http-nio-8081-exec-2] INFO  org.apache.catalina.core.ContainerBase.[Tomcat].[localhost].[/mall] - Initializing Spring FrameworkServlet 'dispatcherServlet'
2019-02-19 16:31:52.038 [http-nio-8081-exec-2] INFO  org.thymeleaf.TemplateEngine - [THYMELEAF] INITIALIZING TEMPLATE ENGINE
2019-02-19 16:31:52.082 [http-nio-8081-exec-2] INFO  org.thymeleaf.templateresolver.AbstractTemplateResolver - [THYMELEAF] INITIALIZING TEMPLATE RESOLVER: org.thymeleaf.spring4.templateresolver.SpringResourceTemplateResolver
2019-02-19 16:31:52.082 [http-nio-8081-exec-2] INFO  org.thymeleaf.templateresolver.AbstractTemplateResolver - [THYMELEAF] TEMPLATE RESOLVER INITIALIZED OK
2019-02-19 16:31:52.082 [http-nio-8081-exec-2] INFO  org.thymeleaf.messageresolver.AbstractMessageResolver - [THYMELEAF] INITIALIZING MESSAGE RESOLVER: org.thymeleaf.spring4.messageresolver.SpringMessageResolver
2019-02-19 16:31:52.082 [http-nio-8081-exec-2] INFO  org.thymeleaf.messageresolver.AbstractMessageResolver - [THYMELEAF] MESSAGE RESOLVER INITIALIZED OK
2019-02-19 16:31:52.086 [http-nio-8081-exec-2] INFO  org.thymeleaf.TemplateEngine.CONFIG - [THYMELEAF] TEMPLATE ENGINE CONFIGURATION:
[THYMELEAF] * Cache Factory implementation: org.thymeleaf.cache.StandardCacheManager
[THYMELEAF] * Template modes:
[THYMELEAF]     * VALIDXML
[THYMELEAF]     * HTML5
[THYMELEAF]     * VALIDXHTML
[THYMELEAF]     * LEGACYHTML5
[THYMELEAF]     * XHTML
[THYMELEAF]     * XML
[THYMELEAF] * Template resolvers (in order):
[THYMELEAF]     * org.thymeleaf.spring4.templateresolver.SpringResourceTemplateResolver
[THYMELEAF] * Message resolvers (in order):
[THYMELEAF]     * org.thymeleaf.spring4.messageresolver.SpringMessageResolver
[THYMELEAF] * Dialect [1 of 2]: org.thymeleaf.spring4.dialect.SpringStandardDialect
[THYMELEAF]     * Prefix: "th"
[THYMELEAF] * Dialect [2 of 2]: nz.net.ultraq.thymeleaf.LayoutDialect
[THYMELEAF]     * Prefix: "layout"
[THYMELEAF] TEMPLATE ENGINE CONFIGURED OK
2019-02-19 16:31:52.086 [http-nio-8081-exec-2] INFO  org.thymeleaf.TemplateEngine - [THYMELEAF] TEMPLATE ENGINE INITIALIZED
2019-02-19 16:31:52.545 [http-nio-8081-exec-9] INFO  org.hibernate.hql.internal.QueryTranslatorFactoryInitiator - HHH000397: Using ASTQueryTranslatorFactory
2019-02-19 16:33:09.679 [restartedMain] INFO  priv.jesse.mall.MallApplication - Starting MallApplication on DESKTOP-P65EPN1 with PID 14376 (E:\workspace\mall\target\classes started by cassmall in E:\workspace\mall)
2019-02-19 16:33:09.682 [restartedMain] DEBUG priv.jesse.mall.MallApplication - Running with Spring Boot v1.5.8.RELEASE, Spring v4.3.12.RELEASE
2019-02-19 16:33:09.682 [restartedMain] INFO  priv.jesse.mall.MallApplication - No active profile set, falling back to default profiles: default
2019-02-19 16:33:09.895 [background-preinit] INFO  org.hibernate.validator.internal.util.Version - HV000001: Hibernate Validator 5.3.5.Final
2019-02-19 16:33:12.129 [restartedMain] INFO  org.apache.catalina.core.StandardService - Starting service [Tomcat]
2019-02-19 16:33:12.129 [restartedMain] INFO  org.apache.catalina.core.StandardEngine - Starting Servlet Engine: Apache Tomcat/8.5.23
2019-02-19 16:33:12.241 [localhost-startStop-1] INFO  org.apache.catalina.core.ContainerBase.[Tomcat].[localhost].[/mall] - Initializing Spring embedded WebApplicationContext
2019-02-19 16:33:13.706 [restartedMain] INFO  org.hibernate.jpa.internal.util.LogHelper - HHH000204: Processing PersistenceUnitInfo [
	name: default
	...]
2019-02-19 16:33:13.874 [restartedMain] INFO  org.hibernate.Version - HHH000412: Hibernate Core {5.0.12.Final}
2019-02-19 16:33:13.876 [restartedMain] INFO  org.hibernate.cfg.Environment - HHH000206: hibernate.properties not found
2019-02-19 16:33:13.877 [restartedMain] INFO  org.hibernate.cfg.Environment - HHH000021: Bytecode provider name : javassist
2019-02-19 16:33:13.919 [restartedMain] INFO  org.hibernate.annotations.common.Version - HCANN000001: Hibernate Commons Annotations {5.0.1.Final}
2019-02-19 16:33:14.174 [restartedMain] INFO  com.alibaba.druid.pool.DruidDataSource - {dataSource-1} inited
2019-02-19 16:33:14.185 [restartedMain] INFO  org.hibernate.dialect.Dialect - HHH000400: Using dialect: org.hibernate.dialect.MySQL5Dialect
2019-02-19 16:33:14.595 [restartedMain] INFO  org.hibernate.tool.hbm2ddl.SchemaUpdate - HHH000228: Running hbm2ddl schema update
2019-02-19 16:33:16.864 [restartedMain] INFO  org.apache.coyote.http11.Http11NioProtocol - Initializing ProtocolHandler ["http-nio-8081"]
2019-02-19 16:33:16.873 [restartedMain] INFO  org.apache.coyote.http11.Http11NioProtocol - Starting ProtocolHandler ["http-nio-8081"]
2019-02-19 16:33:16.890 [restartedMain] INFO  org.apache.tomcat.util.net.NioSelectorPool - Using a shared selector for servlet write/read
2019-02-19 16:33:16.948 [restartedMain] INFO  priv.jesse.mall.MallApplication - Started MallApplication in 7.565 seconds (JVM running for 8.983)
2019-02-19 16:33:19.687 [http-nio-8081-exec-1] INFO  org.apache.catalina.core.ContainerBase.[Tomcat].[localhost].[/mall] - Initializing Spring FrameworkServlet 'dispatcherServlet'
2019-02-19 16:33:19.775 [http-nio-8081-exec-1] INFO  org.thymeleaf.TemplateEngine - [THYMELEAF] INITIALIZING TEMPLATE ENGINE
2019-02-19 16:33:19.811 [http-nio-8081-exec-1] INFO  org.thymeleaf.templateresolver.AbstractTemplateResolver - [THYMELEAF] INITIALIZING TEMPLATE RESOLVER: org.thymeleaf.spring4.templateresolver.SpringResourceTemplateResolver
2019-02-19 16:33:19.811 [http-nio-8081-exec-1] INFO  org.thymeleaf.templateresolver.AbstractTemplateResolver - [THYMELEAF] TEMPLATE RESOLVER INITIALIZED OK
2019-02-19 16:33:19.811 [http-nio-8081-exec-1] INFO  org.thymeleaf.messageresolver.AbstractMessageResolver - [THYMELEAF] INITIALIZING MESSAGE RESOLVER: org.thymeleaf.spring4.messageresolver.SpringMessageResolver
2019-02-19 16:33:19.811 [http-nio-8081-exec-1] INFO  org.thymeleaf.messageresolver.AbstractMessageResolver - [THYMELEAF] MESSAGE RESOLVER INITIALIZED OK
2019-02-19 16:33:19.814 [http-nio-8081-exec-1] INFO  org.thymeleaf.TemplateEngine.CONFIG - [THYMELEAF] TEMPLATE ENGINE CONFIGURATION:
[THYMELEAF] * Cache Factory implementation: org.thymeleaf.cache.StandardCacheManager
[THYMELEAF] * Template modes:
[THYMELEAF]     * LEGACYHTML5
[THYMELEAF]     * VALIDXML
[THYMELEAF]     * XML
[THYMELEAF]     * XHTML
[THYMELEAF]     * VALIDXHTML
[THYMELEAF]     * HTML5
[THYMELEAF] * Template resolvers (in order):
[THYMELEAF]     * org.thymeleaf.spring4.templateresolver.SpringResourceTemplateResolver
[THYMELEAF] * Message resolvers (in order):
[THYMELEAF]     * org.thymeleaf.spring4.messageresolver.SpringMessageResolver
[THYMELEAF] * Dialect [1 of 2]: org.thymeleaf.spring4.dialect.SpringStandardDialect
[THYMELEAF]     * Prefix: "th"
[THYMELEAF] * Dialect [2 of 2]: nz.net.ultraq.thymeleaf.LayoutDialect
[THYMELEAF]     * Prefix: "layout"
[THYMELEAF] TEMPLATE ENGINE CONFIGURED OK
2019-02-19 16:33:19.815 [http-nio-8081-exec-1] INFO  org.thymeleaf.TemplateEngine - [THYMELEAF] TEMPLATE ENGINE INITIALIZED
2019-02-19 16:33:20.281 [http-nio-8081-exec-4] INFO  org.hibernate.hql.internal.QueryTranslatorFactoryInitiator - HHH000397: Using ASTQueryTranslatorFactory
2019-02-19 16:57:57.627 [restartedMain] INFO  priv.jesse.mall.MallApplication - Starting MallApplication on DESKTOP-P65EPN1 with PID 18212 (E:\workspace\mall\target\classes started by cassmall in E:\workspace\mall)
2019-02-19 16:57:57.630 [restartedMain] DEBUG priv.jesse.mall.MallApplication - Running with Spring Boot v1.5.8.RELEASE, Spring v4.3.12.RELEASE
2019-02-19 16:57:57.631 [restartedMain] INFO  priv.jesse.mall.MallApplication - No active profile set, falling back to default profiles: default
2019-02-19 16:57:57.805 [background-preinit] INFO  org.hibernate.validator.internal.util.Version - HV000001: Hibernate Validator 5.3.5.Final
2019-02-19 16:58:00.014 [restartedMain] INFO  org.apache.catalina.core.StandardService - Starting service [Tomcat]
2019-02-19 16:58:00.015 [restartedMain] INFO  org.apache.catalina.core.StandardEngine - Starting Servlet Engine: Apache Tomcat/8.5.23
2019-02-19 16:58:00.155 [localhost-startStop-1] INFO  org.apache.catalina.core.ContainerBase.[Tomcat].[localhost].[/mall] - Initializing Spring embedded WebApplicationContext
2019-02-19 16:58:01.540 [restartedMain] INFO  org.hibernate.jpa.internal.util.LogHelper - HHH000204: Processing PersistenceUnitInfo [
	name: default
	...]
2019-02-19 16:58:01.707 [restartedMain] INFO  org.hibernate.Version - HHH000412: Hibernate Core {5.0.12.Final}
2019-02-19 16:58:01.708 [restartedMain] INFO  org.hibernate.cfg.Environment - HHH000206: hibernate.properties not found
2019-02-19 16:58:01.710 [restartedMain] INFO  org.hibernate.cfg.Environment - HHH000021: Bytecode provider name : javassist
2019-02-19 16:58:01.755 [restartedMain] INFO  org.hibernate.annotations.common.Version - HCANN000001: Hibernate Commons Annotations {5.0.1.Final}
2019-02-19 16:58:02.017 [restartedMain] INFO  com.alibaba.druid.pool.DruidDataSource - {dataSource-1} inited
2019-02-19 16:58:02.028 [restartedMain] INFO  org.hibernate.dialect.Dialect - HHH000400: Using dialect: org.hibernate.dialect.MySQL5Dialect
2019-02-19 16:58:02.446 [restartedMain] INFO  org.hibernate.tool.hbm2ddl.SchemaUpdate - HHH000228: Running hbm2ddl schema update
2019-02-19 16:58:04.840 [restartedMain] INFO  org.apache.coyote.http11.Http11NioProtocol - Initializing ProtocolHandler ["http-nio-8081"]
2019-02-19 16:58:04.851 [restartedMain] INFO  org.apache.coyote.http11.Http11NioProtocol - Starting ProtocolHandler ["http-nio-8081"]
2019-02-19 16:58:04.869 [restartedMain] INFO  org.apache.tomcat.util.net.NioSelectorPool - Using a shared selector for servlet write/read
2019-02-19 16:58:04.935 [restartedMain] INFO  priv.jesse.mall.MallApplication - Started MallApplication in 7.58 seconds (JVM running for 8.951)
2019-02-19 16:58:16.003 [http-nio-8081-exec-2] INFO  org.apache.catalina.core.ContainerBase.[Tomcat].[localhost].[/mall] - Initializing Spring FrameworkServlet 'dispatcherServlet'
2019-02-19 16:58:16.092 [http-nio-8081-exec-2] INFO  org.thymeleaf.TemplateEngine - [THYMELEAF] INITIALIZING TEMPLATE ENGINE
2019-02-19 16:58:16.134 [http-nio-8081-exec-2] INFO  org.thymeleaf.templateresolver.AbstractTemplateResolver - [THYMELEAF] INITIALIZING TEMPLATE RESOLVER: org.thymeleaf.spring4.templateresolver.SpringResourceTemplateResolver
2019-02-19 16:58:16.135 [http-nio-8081-exec-2] INFO  org.thymeleaf.templateresolver.AbstractTemplateResolver - [THYMELEAF] TEMPLATE RESOLVER INITIALIZED OK
2019-02-19 16:58:16.135 [http-nio-8081-exec-2] INFO  org.thymeleaf.messageresolver.AbstractMessageResolver - [THYMELEAF] INITIALIZING MESSAGE RESOLVER: org.thymeleaf.spring4.messageresolver.SpringMessageResolver
2019-02-19 16:58:16.135 [http-nio-8081-exec-2] INFO  org.thymeleaf.messageresolver.AbstractMessageResolver - [THYMELEAF] MESSAGE RESOLVER INITIALIZED OK
2019-02-19 16:58:16.138 [http-nio-8081-exec-2] INFO  org.thymeleaf.TemplateEngine.CONFIG - [THYMELEAF] TEMPLATE ENGINE CONFIGURATION:
[THYMELEAF] * Cache Factory implementation: org.thymeleaf.cache.StandardCacheManager
[THYMELEAF] * Template modes:
[THYMELEAF]     * XHTML
[THYMELEAF]     * VALIDXHTML
[THYMELEAF]     * HTML5
[THYMELEAF]     * XML
[THYMELEAF]     * VALIDXML
[THYMELEAF]     * LEGACYHTML5
[THYMELEAF] * Template resolvers (in order):
[THYMELEAF]     * org.thymeleaf.spring4.templateresolver.SpringResourceTemplateResolver
[THYMELEAF] * Message resolvers (in order):
[THYMELEAF]     * org.thymeleaf.spring4.messageresolver.SpringMessageResolver
[THYMELEAF] * Dialect [1 of 2]: org.thymeleaf.spring4.dialect.SpringStandardDialect
[THYMELEAF]     * Prefix: "th"
[THYMELEAF] * Dialect [2 of 2]: nz.net.ultraq.thymeleaf.LayoutDialect
[THYMELEAF]     * Prefix: "layout"
[THYMELEAF] TEMPLATE ENGINE CONFIGURED OK
2019-02-19 16:58:16.138 [http-nio-8081-exec-2] INFO  org.thymeleaf.TemplateEngine - [THYMELEAF] TEMPLATE ENGINE INITIALIZED
2019-02-19 16:58:16.610 [http-nio-8081-exec-9] INFO  org.hibernate.hql.internal.QueryTranslatorFactoryInitiator - HHH000397: Using ASTQueryTranslatorFactory
2019-02-19 17:23:21.530 [restartedMain] INFO  priv.jesse.mall.MallApplication - Starting MallApplication on DESKTOP-P65EPN1 with PID 12788 (E:\workspace\mall\target\classes started by cassmall in E:\workspace\mall)
2019-02-19 17:23:21.535 [restartedMain] DEBUG priv.jesse.mall.MallApplication - Running with Spring Boot v1.5.8.RELEASE, Spring v4.3.12.RELEASE
2019-02-19 17:23:21.536 [restartedMain] INFO  priv.jesse.mall.MallApplication - No active profile set, falling back to default profiles: default
2019-02-19 17:23:21.683 [background-preinit] INFO  org.hibernate.validator.internal.util.Version - HV000001: Hibernate Validator 5.3.5.Final
2019-02-19 17:23:23.739 [restartedMain] INFO  org.apache.catalina.core.StandardService - Starting service [Tomcat]
2019-02-19 17:23:23.740 [restartedMain] INFO  org.apache.catalina.core.StandardEngine - Starting Servlet Engine: Apache Tomcat/8.5.23
2019-02-19 17:23:23.866 [localhost-startStop-1] INFO  org.apache.catalina.core.ContainerBase.[Tomcat].[localhost].[/mall] - Initializing Spring embedded WebApplicationContext
2019-02-19 17:23:25.137 [restartedMain] INFO  org.hibernate.jpa.internal.util.LogHelper - HHH000204: Processing PersistenceUnitInfo [
	name: default
	...]
2019-02-19 17:23:25.301 [restartedMain] INFO  org.hibernate.Version - HHH000412: Hibernate Core {5.0.12.Final}
2019-02-19 17:23:25.302 [restartedMain] INFO  org.hibernate.cfg.Environment - HHH000206: hibernate.properties not found
2019-02-19 17:23:25.303 [restartedMain] INFO  org.hibernate.cfg.Environment - HHH000021: Bytecode provider name : javassist
2019-02-19 17:23:25.344 [restartedMain] INFO  org.hibernate.annotations.common.Version - HCANN000001: Hibernate Commons Annotations {5.0.1.Final}
2019-02-19 17:23:25.601 [restartedMain] INFO  com.alibaba.druid.pool.DruidDataSource - {dataSource-1} inited
2019-02-19 17:23:25.611 [restartedMain] INFO  org.hibernate.dialect.Dialect - HHH000400: Using dialect: org.hibernate.dialect.MySQL5Dialect
2019-02-19 17:23:26.012 [restartedMain] INFO  org.hibernate.tool.hbm2ddl.SchemaUpdate - HHH000228: Running hbm2ddl schema update
2019-02-19 17:23:28.149 [restartedMain] INFO  org.apache.coyote.http11.Http11NioProtocol - Initializing ProtocolHandler ["http-nio-8081"]
2019-02-19 17:23:28.157 [restartedMain] INFO  org.apache.coyote.http11.Http11NioProtocol - Starting ProtocolHandler ["http-nio-8081"]
2019-02-19 17:23:28.172 [restartedMain] INFO  org.apache.tomcat.util.net.NioSelectorPool - Using a shared selector for servlet write/read
2019-02-19 17:23:28.193 [restartedMain] INFO  priv.jesse.mall.MallApplication - Started MallApplication in 6.912 seconds (JVM running for 8.204)
2019-02-19 17:26:06.806 [http-nio-8081-exec-1] INFO  org.apache.catalina.core.ContainerBase.[Tomcat].[localhost].[/mall] - Initializing Spring FrameworkServlet 'dispatcherServlet'
2019-02-19 17:26:06.898 [http-nio-8081-exec-1] INFO  org.thymeleaf.TemplateEngine - [THYMELEAF] INITIALIZING TEMPLATE ENGINE
2019-02-19 17:26:06.938 [http-nio-8081-exec-1] INFO  org.thymeleaf.templateresolver.AbstractTemplateResolver - [THYMELEAF] INITIALIZING TEMPLATE RESOLVER: org.thymeleaf.spring4.templateresolver.SpringResourceTemplateResolver
2019-02-19 17:26:06.939 [http-nio-8081-exec-1] INFO  org.thymeleaf.templateresolver.AbstractTemplateResolver - [THYMELEAF] TEMPLATE RESOLVER INITIALIZED OK
2019-02-19 17:26:06.939 [http-nio-8081-exec-1] INFO  org.thymeleaf.messageresolver.AbstractMessageResolver - [THYMELEAF] INITIALIZING MESSAGE RESOLVER: org.thymeleaf.spring4.messageresolver.SpringMessageResolver
2019-02-19 17:26:06.939 [http-nio-8081-exec-1] INFO  org.thymeleaf.messageresolver.AbstractMessageResolver - [THYMELEAF] MESSAGE RESOLVER INITIALIZED OK
2019-02-19 17:26:06.942 [http-nio-8081-exec-1] INFO  org.thymeleaf.TemplateEngine.CONFIG - [THYMELEAF] TEMPLATE ENGINE CONFIGURATION:
[THYMELEAF] * Cache Factory implementation: org.thymeleaf.cache.StandardCacheManager
[THYMELEAF] * Template modes:
[THYMELEAF]     * XML
[THYMELEAF]     * VALIDXHTML
[THYMELEAF]     * XHTML
[THYMELEAF]     * VALIDXML
[THYMELEAF]     * LEGACYHTML5
[THYMELEAF]     * HTML5
[THYMELEAF] * Template resolvers (in order):
[THYMELEAF]     * org.thymeleaf.spring4.templateresolver.SpringResourceTemplateResolver
[THYMELEAF] * Message resolvers (in order):
[THYMELEAF]     * org.thymeleaf.spring4.messageresolver.SpringMessageResolver
[THYMELEAF] * Dialect [1 of 2]: org.thymeleaf.spring4.dialect.SpringStandardDialect
[THYMELEAF]     * Prefix: "th"
[THYMELEAF] * Dialect [2 of 2]: nz.net.ultraq.thymeleaf.LayoutDialect
[THYMELEAF]     * Prefix: "layout"
[THYMELEAF] TEMPLATE ENGINE CONFIGURED OK
2019-02-19 17:26:06.942 [http-nio-8081-exec-1] INFO  org.thymeleaf.TemplateEngine - [THYMELEAF] TEMPLATE ENGINE INITIALIZED
2019-02-19 17:26:07.418 [http-nio-8081-exec-10] INFO  org.hibernate.hql.internal.QueryTranslatorFactoryInitiator - HHH000397: Using ASTQueryTranslatorFactory
2019-02-19 17:42:33.474 [restartedMain] INFO  priv.jesse.mall.MallApplication - Starting MallApplication on DESKTOP-P65EPN1 with PID 10748 (E:\workspace\mall\target\classes started by cassmall in E:\workspace\mall)
2019-02-19 17:42:33.477 [restartedMain] DEBUG priv.jesse.mall.MallApplication - Running with Spring Boot v1.5.8.RELEASE, Spring v4.3.12.RELEASE
2019-02-19 17:42:33.477 [restartedMain] INFO  priv.jesse.mall.MallApplication - No active profile set, falling back to default profiles: default
2019-02-19 17:42:33.663 [background-preinit] INFO  org.hibernate.validator.internal.util.Version - HV000001: Hibernate Validator 5.3.5.Final
2019-02-19 17:42:35.972 [restartedMain] INFO  org.apache.catalina.core.StandardService - Starting service [Tomcat]
2019-02-19 17:42:35.973 [restartedMain] INFO  org.apache.catalina.core.StandardEngine - Starting Servlet Engine: Apache Tomcat/8.5.23
2019-02-19 17:42:36.085 [localhost-startStop-1] INFO  org.apache.catalina.core.ContainerBase.[Tomcat].[localhost].[/mall] - Initializing Spring embedded WebApplicationContext
2019-02-19 17:42:37.465 [restartedMain] INFO  org.hibernate.jpa.internal.util.LogHelper - HHH000204: Processing PersistenceUnitInfo [
	name: default
	...]
2019-02-19 17:42:37.618 [restartedMain] INFO  org.hibernate.Version - HHH000412: Hibernate Core {5.0.12.Final}
2019-02-19 17:42:37.619 [restartedMain] INFO  org.hibernate.cfg.Environment - HHH000206: hibernate.properties not found
2019-02-19 17:42:37.620 [restartedMain] INFO  org.hibernate.cfg.Environment - HHH000021: Bytecode provider name : javassist
2019-02-19 17:42:37.664 [restartedMain] INFO  org.hibernate.annotations.common.Version - HCANN000001: Hibernate Commons Annotations {5.0.1.Final}
2019-02-19 17:42:37.935 [restartedMain] INFO  com.alibaba.druid.pool.DruidDataSource - {dataSource-1} inited
2019-02-19 17:42:37.945 [restartedMain] INFO  org.hibernate.dialect.Dialect - HHH000400: Using dialect: org.hibernate.dialect.MySQL5Dialect
2019-02-19 17:42:38.330 [restartedMain] INFO  org.hibernate.tool.hbm2ddl.SchemaUpdate - HHH000228: Running hbm2ddl schema update
2019-02-19 17:42:40.705 [restartedMain] INFO  org.apache.coyote.http11.Http11NioProtocol - Initializing ProtocolHandler ["http-nio-8081"]
2019-02-19 17:42:40.714 [restartedMain] INFO  org.apache.coyote.http11.Http11NioProtocol - Starting ProtocolHandler ["http-nio-8081"]
2019-02-19 17:42:40.730 [restartedMain] INFO  org.apache.tomcat.util.net.NioSelectorPool - Using a shared selector for servlet write/read
2019-02-19 17:42:40.758 [restartedMain] INFO  priv.jesse.mall.MallApplication - Started MallApplication in 7.51 seconds (JVM running for 10.289)
2019-02-19 17:42:52.586 [http-nio-8081-exec-2] INFO  org.apache.catalina.core.ContainerBase.[Tomcat].[localhost].[/mall] - Initializing Spring FrameworkServlet 'dispatcherServlet'
2019-02-19 17:42:52.679 [http-nio-8081-exec-2] INFO  org.thymeleaf.TemplateEngine - [THYMELEAF] INITIALIZING TEMPLATE ENGINE
2019-02-19 17:42:52.724 [http-nio-8081-exec-2] INFO  org.thymeleaf.templateresolver.AbstractTemplateResolver - [THYMELEAF] INITIALIZING TEMPLATE RESOLVER: org.thymeleaf.spring4.templateresolver.SpringResourceTemplateResolver
2019-02-19 17:42:52.725 [http-nio-8081-exec-2] INFO  org.thymeleaf.templateresolver.AbstractTemplateResolver - [THYMELEAF] TEMPLATE RESOLVER INITIALIZED OK
2019-02-19 17:42:52.725 [http-nio-8081-exec-2] INFO  org.thymeleaf.messageresolver.AbstractMessageResolver - [THYMELEAF] INITIALIZING MESSAGE RESOLVER: org.thymeleaf.spring4.messageresolver.SpringMessageResolver
2019-02-19 17:42:52.725 [http-nio-8081-exec-2] INFO  org.thymeleaf.messageresolver.AbstractMessageResolver - [THYMELEAF] MESSAGE RESOLVER INITIALIZED OK
2019-02-19 17:42:52.729 [http-nio-8081-exec-2] INFO  org.thymeleaf.TemplateEngine.CONFIG - [THYMELEAF] TEMPLATE ENGINE CONFIGURATION:
[THYMELEAF] * Cache Factory implementation: org.thymeleaf.cache.StandardCacheManager
[THYMELEAF] * Template modes:
[THYMELEAF]     * HTML5
[THYMELEAF]     * XHTML
[THYMELEAF]     * XML
[THYMELEAF]     * VALIDXML
[THYMELEAF]     * VALIDXHTML
[THYMELEAF]     * LEGACYHTML5
[THYMELEAF] * Template resolvers (in order):
[THYMELEAF]     * org.thymeleaf.spring4.templateresolver.SpringResourceTemplateResolver
[THYMELEAF] * Message resolvers (in order):
[THYMELEAF]     * org.thymeleaf.spring4.messageresolver.SpringMessageResolver
[THYMELEAF] * Dialect [1 of 2]: org.thymeleaf.spring4.dialect.SpringStandardDialect
[THYMELEAF]     * Prefix: "th"
[THYMELEAF] * Dialect [2 of 2]: nz.net.ultraq.thymeleaf.LayoutDialect
[THYMELEAF]     * Prefix: "layout"
[THYMELEAF] TEMPLATE ENGINE CONFIGURED OK
2019-02-19 17:42:52.729 [http-nio-8081-exec-2] INFO  org.thymeleaf.TemplateEngine - [THYMELEAF] TEMPLATE ENGINE INITIALIZED
2019-02-19 17:42:53.116 [http-nio-8081-exec-8] INFO  org.hibernate.hql.internal.QueryTranslatorFactoryInitiator - HHH000397: Using ASTQueryTranslatorFactory
