2019-01-28 16:53:53.231 [restartedMain] INFO  priv.jesse.mall.MallApplication - Starting MallApplication on DESKTOP-P65EPN1 with PID 19804 (D:\JakenLee\graduateWork\mall\target\classes started by cassmall in D:\JakenLee\graduateWork\mall)
2019-01-28 16:53:53.233 [restartedMain] DEBUG priv.jesse.mall.MallApplication - Running with Spring Boot v1.5.8.RELEASE, Spring v4.3.12.RELEASE
2019-01-28 16:53:53.234 [restartedMain] INFO  priv.jesse.mall.MallApplication - No active profile set, falling back to default profiles: default
2019-01-28 16:53:53.390 [background-preinit] INFO  org.hibernate.validator.internal.util.Version - HV000001: Hibernate Validator 5.3.5.Final
2019-01-28 16:53:55.682 [restartedMain] INFO  org.apache.catalina.core.StandardService - Starting service [Tomcat]
2019-01-28 16:53:55.683 [restartedMain] INFO  org.apache.catalina.core.StandardEngine - Starting Servlet Engine: Apache Tomcat/8.5.23
2019-01-28 16:53:55.802 [localhost-startStop-1] INFO  org.apache.catalina.core.ContainerBase.[Tomcat].[localhost].[/mall] - Initializing Spring embedded WebApplicationContext
2019-01-28 16:53:57.200 [restartedMain] INFO  org.hibernate.jpa.internal.util.LogHelper - HHH000204: Processing PersistenceUnitInfo [
	name: default
	...]
2019-01-28 16:53:57.387 [restartedMain] INFO  org.hibernate.Version - HHH000412: Hibernate Core {5.0.12.Final}
2019-01-28 16:53:57.388 [restartedMain] INFO  org.hibernate.cfg.Environment - HHH000206: hibernate.properties not found
2019-01-28 16:53:57.389 [restartedMain] INFO  org.hibernate.cfg.Environment - HHH000021: Bytecode provider name : javassist
2019-01-28 16:53:57.463 [restartedMain] INFO  org.hibernate.annotations.common.Version - HCANN000001: Hibernate Commons Annotations {5.0.1.Final}
2019-01-28 16:53:57.761 [restartedMain] INFO  com.alibaba.druid.pool.DruidDataSource - {dataSource-1} inited
2019-01-28 16:53:57.769 [restartedMain] INFO  org.hibernate.dialect.Dialect - HHH000400: Using dialect: org.hibernate.dialect.MySQL5Dialect
2019-01-28 16:53:58.154 [restartedMain] INFO  org.hibernate.tool.hbm2ddl.SchemaUpdate - HHH000228: Running hbm2ddl schema update
2019-01-28 16:54:00.375 [restartedMain] INFO  org.apache.coyote.http11.Http11NioProtocol - Initializing ProtocolHandler ["http-nio-8081"]
2019-01-28 16:54:00.385 [restartedMain] INFO  org.apache.coyote.http11.Http11NioProtocol - Starting ProtocolHandler ["http-nio-8081"]
2019-01-28 16:54:00.397 [restartedMain] INFO  org.apache.tomcat.util.net.NioSelectorPool - Using a shared selector for servlet write/read
2019-01-28 16:54:00.422 [restartedMain] INFO  priv.jesse.mall.MallApplication - Started MallApplication in 7.484 seconds (JVM running for 10.783)
