2019-02-18 17:02:51.667 [restartedMain] INFO  priv.jesse.mall.MallApplication - Starting MallApplication on DESKTOP-P65EPN1 with PID 15488 (E:\workspace\mall\target\classes started by cassmall in E:\workspace\mall)
2019-02-18 17:02:51.670 [restartedMain] DEBUG priv.jesse.mall.MallApplication - Running with Spring Boot v1.5.8.RELEASE, Spring v4.3.12.RELEASE
2019-02-18 17:02:51.671 [restartedMain] INFO  priv.jesse.mall.MallApplication - No active profile set, falling back to default profiles: default
2019-02-18 17:02:51.835 [background-preinit] INFO  org.hibernate.validator.internal.util.Version - HV000001: Hibernate Validator 5.3.5.Final
2019-02-18 17:02:54.229 [restartedMain] INFO  org.apache.catalina.core.StandardService - Starting service [Tomcat]
2019-02-18 17:02:54.231 [restartedMain] INFO  org.apache.catalina.core.StandardEngine - Starting Servlet Engine: Apache Tomcat/8.5.23
2019-02-18 17:02:54.349 [localhost-startStop-1] INFO  org.apache.catalina.core.ContainerBase.[Tomcat].[localhost].[/mall] - Initializing Spring embedded WebApplicationContext
2019-02-18 17:02:55.797 [restartedMain] INFO  org.hibernate.jpa.internal.util.LogHelper - HHH000204: Processing PersistenceUnitInfo [
	name: default
	...]
2019-02-18 17:02:55.983 [restartedMain] INFO  org.hibernate.Version - HHH000412: Hibernate Core {5.0.12.Final}
2019-02-18 17:02:55.984 [restartedMain] INFO  org.hibernate.cfg.Environment - HHH000206: hibernate.properties not found
2019-02-18 17:02:55.986 [restartedMain] INFO  org.hibernate.cfg.Environment - HHH000021: Bytecode provider name : javassist
2019-02-18 17:02:56.042 [restartedMain] INFO  org.hibernate.annotations.common.Version - HCANN000001: Hibernate Commons Annotations {5.0.1.Final}
2019-02-18 17:02:56.380 [restartedMain] INFO  com.alibaba.druid.pool.DruidDataSource - {dataSource-1} inited
2019-02-18 17:02:56.390 [restartedMain] INFO  org.hibernate.dialect.Dialect - HHH000400: Using dialect: org.hibernate.dialect.MySQL5Dialect
2019-02-18 17:02:56.864 [restartedMain] INFO  org.hibernate.tool.hbm2ddl.SchemaUpdate - HHH000228: Running hbm2ddl schema update
2019-02-18 17:02:59.356 [restartedMain] INFO  org.apache.coyote.http11.Http11NioProtocol - Initializing ProtocolHandler ["http-nio-8081"]
2019-02-18 17:02:59.363 [restartedMain] INFO  org.apache.coyote.http11.Http11NioProtocol - Starting ProtocolHandler ["http-nio-8081"]
2019-02-18 17:02:59.381 [restartedMain] INFO  org.apache.tomcat.util.net.NioSelectorPool - Using a shared selector for servlet write/read
2019-02-18 17:02:59.409 [restartedMain] INFO  priv.jesse.mall.MallApplication - Started MallApplication in 7.986 seconds (JVM running for 10.641)
2019-02-18 17:03:04.554 [http-nio-8081-exec-1] INFO  org.apache.catalina.core.ContainerBase.[Tomcat].[localhost].[/mall] - Initializing Spring FrameworkServlet 'dispatcherServlet'
2019-02-18 17:03:04.663 [http-nio-8081-exec-1] INFO  org.thymeleaf.TemplateEngine - [THYMELEAF] INITIALIZING TEMPLATE ENGINE
2019-02-18 17:03:04.715 [http-nio-8081-exec-1] INFO  org.thymeleaf.templateresolver.AbstractTemplateResolver - [THYMELEAF] INITIALIZING TEMPLATE RESOLVER: org.thymeleaf.spring4.templateresolver.SpringResourceTemplateResolver
2019-02-18 17:03:04.715 [http-nio-8081-exec-1] INFO  org.thymeleaf.templateresolver.AbstractTemplateResolver - [THYMELEAF] TEMPLATE RESOLVER INITIALIZED OK
2019-02-18 17:03:04.715 [http-nio-8081-exec-1] INFO  org.thymeleaf.messageresolver.AbstractMessageResolver - [THYMELEAF] INITIALIZING MESSAGE RESOLVER: org.thymeleaf.spring4.messageresolver.SpringMessageResolver
2019-02-18 17:03:04.715 [http-nio-8081-exec-1] INFO  org.thymeleaf.messageresolver.AbstractMessageResolver - [THYMELEAF] MESSAGE RESOLVER INITIALIZED OK
2019-02-18 17:03:04.719 [http-nio-8081-exec-1] INFO  org.thymeleaf.TemplateEngine.CONFIG - [THYMELEAF] TEMPLATE ENGINE CONFIGURATION:
[THYMELEAF] * Cache Factory implementation: org.thymeleaf.cache.StandardCacheManager
[THYMELEAF] * Template modes:
[THYMELEAF]     * XML
[THYMELEAF]     * VALIDXML
[THYMELEAF]     * HTML5
[THYMELEAF]     * XHTML
[THYMELEAF]     * VALIDXHTML
[THYMELEAF]     * LEGACYHTML5
[THYMELEAF] * Template resolvers (in order):
[THYMELEAF]     * org.thymeleaf.spring4.templateresolver.SpringResourceTemplateResolver
[THYMELEAF] * Message resolvers (in order):
[THYMELEAF]     * org.thymeleaf.spring4.messageresolver.SpringMessageResolver
[THYMELEAF] * Dialect [1 of 2]: org.thymeleaf.spring4.dialect.SpringStandardDialect
[THYMELEAF]     * Prefix: "th"
[THYMELEAF] * Dialect [2 of 2]: nz.net.ultraq.thymeleaf.LayoutDialect
[THYMELEAF]     * Prefix: "layout"
[THYMELEAF] TEMPLATE ENGINE CONFIGURED OK
2019-02-18 17:03:04.720 [http-nio-8081-exec-1] INFO  org.thymeleaf.TemplateEngine - [THYMELEAF] TEMPLATE ENGINE INITIALIZED
2019-02-18 17:03:05.116 [http-nio-8081-exec-9] INFO  org.hibernate.hql.internal.QueryTranslatorFactoryInitiator - HHH000397: Using ASTQueryTranslatorFactory
2019-02-18 17:44:21.345 [restartedMain] INFO  priv.jesse.mall.MallApplication - Starting MallApplication on DESKTOP-P65EPN1 with PID 7396 (E:\workspace\mall\target\classes started by cassmall in E:\workspace\mall)
2019-02-18 17:44:21.376 [restartedMain] DEBUG priv.jesse.mall.MallApplication - Running with Spring Boot v1.5.8.RELEASE, Spring v4.3.12.RELEASE
2019-02-18 17:44:21.377 [restartedMain] INFO  priv.jesse.mall.MallApplication - No active profile set, falling back to default profiles: default
2019-02-18 17:44:21.613 [background-preinit] INFO  org.hibernate.validator.internal.util.Version - HV000001: Hibernate Validator 5.3.5.Final
2019-02-18 17:44:24.263 [restartedMain] INFO  org.apache.catalina.core.StandardService - Starting service [Tomcat]
2019-02-18 17:44:24.264 [restartedMain] INFO  org.apache.catalina.core.StandardEngine - Starting Servlet Engine: Apache Tomcat/8.5.23
2019-02-18 17:44:24.383 [localhost-startStop-1] INFO  org.apache.catalina.core.ContainerBase.[Tomcat].[localhost].[/mall] - Initializing Spring embedded WebApplicationContext
2019-02-18 17:44:26.108 [restartedMain] INFO  org.hibernate.jpa.internal.util.LogHelper - HHH000204: Processing PersistenceUnitInfo [
	name: default
	...]
2019-02-18 17:44:26.299 [restartedMain] INFO  org.hibernate.Version - HHH000412: Hibernate Core {5.0.12.Final}
2019-02-18 17:44:26.301 [restartedMain] INFO  org.hibernate.cfg.Environment - HHH000206: hibernate.properties not found
2019-02-18 17:44:26.302 [restartedMain] INFO  org.hibernate.cfg.Environment - HHH000021: Bytecode provider name : javassist
2019-02-18 17:44:26.364 [restartedMain] INFO  org.hibernate.annotations.common.Version - HCANN000001: Hibernate Commons Annotations {5.0.1.Final}
2019-02-18 17:44:26.662 [restartedMain] INFO  com.alibaba.druid.pool.DruidDataSource - {dataSource-1} inited
2019-02-18 17:44:26.672 [restartedMain] INFO  org.hibernate.dialect.Dialect - HHH000400: Using dialect: org.hibernate.dialect.MySQL5Dialect
2019-02-18 17:44:27.113 [restartedMain] INFO  org.hibernate.tool.hbm2ddl.SchemaUpdate - HHH000228: Running hbm2ddl schema update
2019-02-18 17:44:29.640 [restartedMain] INFO  org.apache.coyote.http11.Http11NioProtocol - Initializing ProtocolHandler ["http-nio-8081"]
2019-02-18 17:44:29.649 [restartedMain] INFO  org.apache.coyote.http11.Http11NioProtocol - Starting ProtocolHandler ["http-nio-8081"]
2019-02-18 17:44:29.666 [restartedMain] INFO  org.apache.tomcat.util.net.NioSelectorPool - Using a shared selector for servlet write/read
2019-02-18 17:44:29.692 [restartedMain] INFO  priv.jesse.mall.MallApplication - Started MallApplication in 8.65 seconds (JVM running for 10.564)
2019-02-18 17:46:27.153 [http-nio-8081-exec-2] INFO  org.apache.catalina.core.ContainerBase.[Tomcat].[localhost].[/mall] - Initializing Spring FrameworkServlet 'dispatcherServlet'
2019-02-18 17:46:27.251 [http-nio-8081-exec-2] INFO  org.thymeleaf.TemplateEngine - [THYMELEAF] INITIALIZING TEMPLATE ENGINE
2019-02-18 17:46:27.306 [http-nio-8081-exec-2] INFO  org.thymeleaf.templateresolver.AbstractTemplateResolver - [THYMELEAF] INITIALIZING TEMPLATE RESOLVER: org.thymeleaf.spring4.templateresolver.SpringResourceTemplateResolver
2019-02-18 17:46:27.306 [http-nio-8081-exec-2] INFO  org.thymeleaf.templateresolver.AbstractTemplateResolver - [THYMELEAF] TEMPLATE RESOLVER INITIALIZED OK
2019-02-18 17:46:27.306 [http-nio-8081-exec-2] INFO  org.thymeleaf.messageresolver.AbstractMessageResolver - [THYMELEAF] INITIALIZING MESSAGE RESOLVER: org.thymeleaf.spring4.messageresolver.SpringMessageResolver
2019-02-18 17:46:27.306 [http-nio-8081-exec-2] INFO  org.thymeleaf.messageresolver.AbstractMessageResolver - [THYMELEAF] MESSAGE RESOLVER INITIALIZED OK
2019-02-18 17:46:27.312 [http-nio-8081-exec-2] INFO  org.thymeleaf.TemplateEngine.CONFIG - [THYMELEAF] TEMPLATE ENGINE CONFIGURATION:
[THYMELEAF] * Cache Factory implementation: org.thymeleaf.cache.StandardCacheManager
[THYMELEAF] * Template modes:
[THYMELEAF]     * XHTML
[THYMELEAF]     * LEGACYHTML5
[THYMELEAF]     * VALIDXHTML
[THYMELEAF]     * HTML5
[THYMELEAF]     * VALIDXML
[THYMELEAF]     * XML
[THYMELEAF] * Template resolvers (in order):
[THYMELEAF]     * org.thymeleaf.spring4.templateresolver.SpringResourceTemplateResolver
[THYMELEAF] * Message resolvers (in order):
[THYMELEAF]     * org.thymeleaf.spring4.messageresolver.SpringMessageResolver
[THYMELEAF] * Dialect [1 of 2]: org.thymeleaf.spring4.dialect.SpringStandardDialect
[THYMELEAF]     * Prefix: "th"
[THYMELEAF] * Dialect [2 of 2]: nz.net.ultraq.thymeleaf.LayoutDialect
[THYMELEAF]     * Prefix: "layout"
[THYMELEAF] TEMPLATE ENGINE CONFIGURED OK
2019-02-18 17:46:27.312 [http-nio-8081-exec-2] INFO  org.thymeleaf.TemplateEngine - [THYMELEAF] TEMPLATE ENGINE INITIALIZED
2019-02-18 17:46:27.795 [http-nio-8081-exec-6] ERROR priv.jesse.mall.aspect.GlobalExceptionHandler - 未登录！请重新登录
java.lang.Exception: 未登录！请重新登录
	at priv.jesse.mall.service.impl.ShopCartServiceImpl.listCart(ShopCartServiceImpl.java:83)
	at sun.reflect.NativeMethodAccessorImpl.invoke0(Native Method)
	at sun.reflect.NativeMethodAccessorImpl.invoke(NativeMethodAccessorImpl.java:62)
	at sun.reflect.DelegatingMethodAccessorImpl.invoke(DelegatingMethodAccessorImpl.java:43)
	at java.lang.reflect.Method.invoke(Method.java:498)
	at org.springframework.aop.support.AopUtils.invokeJoinpointUsingReflection(AopUtils.java:333)
	at org.springframework.aop.framework.ReflectiveMethodInvocation.invokeJoinpoint(ReflectiveMethodInvocation.java:190)
	at org.springframework.aop.framework.ReflectiveMethodInvocation.proceed(ReflectiveMethodInvocation.java:157)
	at com.alibaba.druid.support.spring.stat.DruidStatInterceptor.invoke(DruidStatInterceptor.java:72)
	at org.springframework.aop.framework.ReflectiveMethodInvocation.proceed(ReflectiveMethodInvocation.java:179)
	at org.springframework.aop.framework.JdkDynamicAopProxy.invoke(JdkDynamicAopProxy.java:213)
	at com.sun.proxy.$Proxy109.listCart(Unknown Source)
	at priv.jesse.mall.web.user.ProductController.listCart(ProductController.java:181)
	at sun.reflect.NativeMethodAccessorImpl.invoke0(Native Method)
	at sun.reflect.NativeMethodAccessorImpl.invoke(NativeMethodAccessorImpl.java:62)
	at sun.reflect.DelegatingMethodAccessorImpl.invoke(DelegatingMethodAccessorImpl.java:43)
	at java.lang.reflect.Method.invoke(Method.java:498)
	at org.springframework.web.method.support.InvocableHandlerMethod.doInvoke(InvocableHandlerMethod.java:205)
	at org.springframework.web.method.support.InvocableHandlerMethod.invokeForRequest(InvocableHandlerMethod.java:133)
	at org.springframework.web.servlet.mvc.method.annotation.ServletInvocableHandlerMethod.invokeAndHandle(ServletInvocableHandlerMethod.java:97)
	at org.springframework.web.servlet.mvc.method.annotation.RequestMappingHandlerAdapter.invokeHandlerMethod(RequestMappingHandlerAdapter.java:827)
	at org.springframework.web.servlet.mvc.method.annotation.RequestMappingHandlerAdapter.handleInternal(RequestMappingHandlerAdapter.java:738)
	at org.springframework.web.servlet.mvc.method.AbstractHandlerMethodAdapter.handle(AbstractHandlerMethodAdapter.java:85)
	at org.springframework.web.servlet.DispatcherServlet.doDispatch(DispatcherServlet.java:967)
	at org.springframework.web.servlet.DispatcherServlet.doService(DispatcherServlet.java:901)
	at org.springframework.web.servlet.FrameworkServlet.processRequest(FrameworkServlet.java:970)
	at org.springframework.web.servlet.FrameworkServlet.doGet(FrameworkServlet.java:861)
	at javax.servlet.http.HttpServlet.service(HttpServlet.java:635)
	at org.springframework.web.servlet.FrameworkServlet.service(FrameworkServlet.java:846)
	at javax.servlet.http.HttpServlet.service(HttpServlet.java:742)
	at org.apache.catalina.core.ApplicationFilterChain.internalDoFilter(ApplicationFilterChain.java:231)
	at org.apache.catalina.core.ApplicationFilterChain.doFilter(ApplicationFilterChain.java:166)
	at org.apache.tomcat.websocket.server.WsFilter.doFilter(WsFilter.java:52)
	at org.apache.catalina.core.ApplicationFilterChain.internalDoFilter(ApplicationFilterChain.java:193)
	at org.apache.catalina.core.ApplicationFilterChain.doFilter(ApplicationFilterChain.java:166)
	at priv.jesse.mall.filter.AuthorizationFilter.doFilter(AuthorizationFilter.java:71)
	at org.apache.catalina.core.ApplicationFilterChain.internalDoFilter(ApplicationFilterChain.java:193)
	at org.apache.catalina.core.ApplicationFilterChain.doFilter(ApplicationFilterChain.java:166)
	at com.alibaba.druid.support.http.WebStatFilter.doFilter(WebStatFilter.java:123)
	at org.apache.catalina.core.ApplicationFilterChain.internalDoFilter(ApplicationFilterChain.java:193)
	at org.apache.catalina.core.ApplicationFilterChain.doFilter(ApplicationFilterChain.java:166)
	at org.springframework.web.filter.RequestContextFilter.doFilterInternal(RequestContextFilter.java:99)
	at org.springframework.web.filter.OncePerRequestFilter.doFilter(OncePerRequestFilter.java:107)
	at org.apache.catalina.core.ApplicationFilterChain.internalDoFilter(ApplicationFilterChain.java:193)
	at org.apache.catalina.core.ApplicationFilterChain.doFilter(ApplicationFilterChain.java:166)
	at org.springframework.web.filter.HttpPutFormContentFilter.doFilterInternal(HttpPutFormContentFilter.java:108)
	at org.springframework.web.filter.OncePerRequestFilter.doFilter(OncePerRequestFilter.java:107)
	at org.apache.catalina.core.ApplicationFilterChain.internalDoFilter(ApplicationFilterChain.java:193)
	at org.apache.catalina.core.ApplicationFilterChain.doFilter(ApplicationFilterChain.java:166)
	at org.springframework.web.filter.HiddenHttpMethodFilter.doFilterInternal(HiddenHttpMethodFilter.java:81)
	at org.springframework.web.filter.OncePerRequestFilter.doFilter(OncePerRequestFilter.java:107)
	at org.apache.catalina.core.ApplicationFilterChain.internalDoFilter(ApplicationFilterChain.java:193)
	at org.apache.catalina.core.ApplicationFilterChain.doFilter(ApplicationFilterChain.java:166)
	at org.springframework.web.filter.CharacterEncodingFilter.doFilterInternal(CharacterEncodingFilter.java:197)
	at org.springframework.web.filter.OncePerRequestFilter.doFilter(OncePerRequestFilter.java:107)
	at org.apache.catalina.core.ApplicationFilterChain.internalDoFilter(ApplicationFilterChain.java:193)
	at org.apache.catalina.core.ApplicationFilterChain.doFilter(ApplicationFilterChain.java:166)
	at org.apache.catalina.core.StandardWrapperValve.invoke(StandardWrapperValve.java:199)
	at org.apache.catalina.core.StandardContextValve.invoke(StandardContextValve.java:96)
	at org.apache.catalina.authenticator.AuthenticatorBase.invoke(AuthenticatorBase.java:478)
	at org.apache.catalina.core.StandardHostValve.invoke(StandardHostValve.java:140)
	at org.apache.catalina.valves.ErrorReportValve.invoke(ErrorReportValve.java:81)
	at org.apache.catalina.core.StandardEngineValve.invoke(StandardEngineValve.java:87)
	at org.apache.catalina.connector.CoyoteAdapter.service(CoyoteAdapter.java:342)
	at org.apache.coyote.http11.Http11Processor.service(Http11Processor.java:803)
	at org.apache.coyote.AbstractProcessorLight.process(AbstractProcessorLight.java:66)
	at org.apache.coyote.AbstractProtocol$ConnectionHandler.process(AbstractProtocol.java:868)
	at org.apache.tomcat.util.net.NioEndpoint$SocketProcessor.doRun(NioEndpoint.java:1459)
	at org.apache.tomcat.util.net.SocketProcessorBase.run(SocketProcessorBase.java:49)
	at java.util.concurrent.ThreadPoolExecutor.runWorker(ThreadPoolExecutor.java:1149)
	at java.util.concurrent.ThreadPoolExecutor$Worker.run(ThreadPoolExecutor.java:624)
	at org.apache.tomcat.util.threads.TaskThread$WrappingRunnable.run(TaskThread.java:61)
	at java.lang.Thread.run(Thread.java:748)
2019-02-18 17:46:27.797 [http-nio-8081-exec-9] INFO  org.hibernate.hql.internal.QueryTranslatorFactoryInitiator - HHH000397: Using ASTQueryTranslatorFactory
2019-02-18 17:46:27.889 [http-nio-8081-exec-6] WARN  org.springframework.web.servlet.mvc.method.annotation.ExceptionHandlerExceptionResolver - Resolved exception caused by Handler execution: java.lang.Exception: 未登录！请重新登录
2019-02-18 18:42:59.227 [http-nio-8081-exec-8] ERROR priv.jesse.mall.aspect.GlobalExceptionHandler - 未登录！请重新登录
java.lang.Exception: 未登录！请重新登录
	at priv.jesse.mall.service.impl.ShopCartServiceImpl.listCart(ShopCartServiceImpl.java:83)
	at sun.reflect.NativeMethodAccessorImpl.invoke0(Native Method)
	at sun.reflect.NativeMethodAccessorImpl.invoke(NativeMethodAccessorImpl.java:62)
	at sun.reflect.DelegatingMethodAccessorImpl.invoke(DelegatingMethodAccessorImpl.java:43)
	at java.lang.reflect.Method.invoke(Method.java:498)
	at org.springframework.aop.support.AopUtils.invokeJoinpointUsingReflection(AopUtils.java:333)
	at org.springframework.aop.framework.ReflectiveMethodInvocation.invokeJoinpoint(ReflectiveMethodInvocation.java:190)
	at org.springframework.aop.framework.ReflectiveMethodInvocation.proceed(ReflectiveMethodInvocation.java:157)
	at com.alibaba.druid.support.spring.stat.DruidStatInterceptor.invoke(DruidStatInterceptor.java:72)
	at org.springframework.aop.framework.ReflectiveMethodInvocation.proceed(ReflectiveMethodInvocation.java:179)
	at org.springframework.aop.framework.JdkDynamicAopProxy.invoke(JdkDynamicAopProxy.java:213)
	at com.sun.proxy.$Proxy109.listCart(Unknown Source)
	at priv.jesse.mall.web.user.ProductController.listCart(ProductController.java:181)
	at sun.reflect.NativeMethodAccessorImpl.invoke0(Native Method)
	at sun.reflect.NativeMethodAccessorImpl.invoke(NativeMethodAccessorImpl.java:62)
	at sun.reflect.DelegatingMethodAccessorImpl.invoke(DelegatingMethodAccessorImpl.java:43)
	at java.lang.reflect.Method.invoke(Method.java:498)
	at org.springframework.web.method.support.InvocableHandlerMethod.doInvoke(InvocableHandlerMethod.java:205)
	at org.springframework.web.method.support.InvocableHandlerMethod.invokeForRequest(InvocableHandlerMethod.java:133)
	at org.springframework.web.servlet.mvc.method.annotation.ServletInvocableHandlerMethod.invokeAndHandle(ServletInvocableHandlerMethod.java:97)
	at org.springframework.web.servlet.mvc.method.annotation.RequestMappingHandlerAdapter.invokeHandlerMethod(RequestMappingHandlerAdapter.java:827)
	at org.springframework.web.servlet.mvc.method.annotation.RequestMappingHandlerAdapter.handleInternal(RequestMappingHandlerAdapter.java:738)
	at org.springframework.web.servlet.mvc.method.AbstractHandlerMethodAdapter.handle(AbstractHandlerMethodAdapter.java:85)
	at org.springframework.web.servlet.DispatcherServlet.doDispatch(DispatcherServlet.java:967)
	at org.springframework.web.servlet.DispatcherServlet.doService(DispatcherServlet.java:901)
	at org.springframework.web.servlet.FrameworkServlet.processRequest(FrameworkServlet.java:970)
	at org.springframework.web.servlet.FrameworkServlet.doGet(FrameworkServlet.java:861)
	at javax.servlet.http.HttpServlet.service(HttpServlet.java:635)
	at org.springframework.web.servlet.FrameworkServlet.service(FrameworkServlet.java:846)
	at javax.servlet.http.HttpServlet.service(HttpServlet.java:742)
	at org.apache.catalina.core.ApplicationFilterChain.internalDoFilter(ApplicationFilterChain.java:231)
	at org.apache.catalina.core.ApplicationFilterChain.doFilter(ApplicationFilterChain.java:166)
	at org.apache.tomcat.websocket.server.WsFilter.doFilter(WsFilter.java:52)
	at org.apache.catalina.core.ApplicationFilterChain.internalDoFilter(ApplicationFilterChain.java:193)
	at org.apache.catalina.core.ApplicationFilterChain.doFilter(ApplicationFilterChain.java:166)
	at priv.jesse.mall.filter.AuthorizationFilter.doFilter(AuthorizationFilter.java:71)
	at org.apache.catalina.core.ApplicationFilterChain.internalDoFilter(ApplicationFilterChain.java:193)
	at org.apache.catalina.core.ApplicationFilterChain.doFilter(ApplicationFilterChain.java:166)
	at com.alibaba.druid.support.http.WebStatFilter.doFilter(WebStatFilter.java:123)
	at org.apache.catalina.core.ApplicationFilterChain.internalDoFilter(ApplicationFilterChain.java:193)
	at org.apache.catalina.core.ApplicationFilterChain.doFilter(ApplicationFilterChain.java:166)
	at org.springframework.web.filter.RequestContextFilter.doFilterInternal(RequestContextFilter.java:99)
	at org.springframework.web.filter.OncePerRequestFilter.doFilter(OncePerRequestFilter.java:107)
	at org.apache.catalina.core.ApplicationFilterChain.internalDoFilter(ApplicationFilterChain.java:193)
	at org.apache.catalina.core.ApplicationFilterChain.doFilter(ApplicationFilterChain.java:166)
	at org.springframework.web.filter.HttpPutFormContentFilter.doFilterInternal(HttpPutFormContentFilter.java:108)
	at org.springframework.web.filter.OncePerRequestFilter.doFilter(OncePerRequestFilter.java:107)
	at org.apache.catalina.core.ApplicationFilterChain.internalDoFilter(ApplicationFilterChain.java:193)
	at org.apache.catalina.core.ApplicationFilterChain.doFilter(ApplicationFilterChain.java:166)
	at org.springframework.web.filter.HiddenHttpMethodFilter.doFilterInternal(HiddenHttpMethodFilter.java:81)
	at org.springframework.web.filter.OncePerRequestFilter.doFilter(OncePerRequestFilter.java:107)
	at org.apache.catalina.core.ApplicationFilterChain.internalDoFilter(ApplicationFilterChain.java:193)
	at org.apache.catalina.core.ApplicationFilterChain.doFilter(ApplicationFilterChain.java:166)
	at org.springframework.web.filter.CharacterEncodingFilter.doFilterInternal(CharacterEncodingFilter.java:197)
	at org.springframework.web.filter.OncePerRequestFilter.doFilter(OncePerRequestFilter.java:107)
	at org.apache.catalina.core.ApplicationFilterChain.internalDoFilter(ApplicationFilterChain.java:193)
	at org.apache.catalina.core.ApplicationFilterChain.doFilter(ApplicationFilterChain.java:166)
	at org.apache.catalina.core.StandardWrapperValve.invoke(StandardWrapperValve.java:199)
	at org.apache.catalina.core.StandardContextValve.invoke(StandardContextValve.java:96)
	at org.apache.catalina.authenticator.AuthenticatorBase.invoke(AuthenticatorBase.java:478)
	at org.apache.catalina.core.StandardHostValve.invoke(StandardHostValve.java:140)
	at org.apache.catalina.valves.ErrorReportValve.invoke(ErrorReportValve.java:81)
	at org.apache.catalina.core.StandardEngineValve.invoke(StandardEngineValve.java:87)
	at org.apache.catalina.connector.CoyoteAdapter.service(CoyoteAdapter.java:342)
	at org.apache.coyote.http11.Http11Processor.service(Http11Processor.java:803)
	at org.apache.coyote.AbstractProcessorLight.process(AbstractProcessorLight.java:66)
	at org.apache.coyote.AbstractProtocol$ConnectionHandler.process(AbstractProtocol.java:868)
	at org.apache.tomcat.util.net.NioEndpoint$SocketProcessor.doRun(NioEndpoint.java:1459)
	at org.apache.tomcat.util.net.SocketProcessorBase.run(SocketProcessorBase.java:49)
	at java.util.concurrent.ThreadPoolExecutor.runWorker(ThreadPoolExecutor.java:1149)
	at java.util.concurrent.ThreadPoolExecutor$Worker.run(ThreadPoolExecutor.java:624)
	at org.apache.tomcat.util.threads.TaskThread$WrappingRunnable.run(TaskThread.java:61)
	at java.lang.Thread.run(Thread.java:748)
2019-02-18 18:42:59.230 [http-nio-8081-exec-8] WARN  org.springframework.web.servlet.mvc.method.annotation.ExceptionHandlerExceptionResolver - Resolved exception caused by Handler execution: java.lang.Exception: 未登录！请重新登录
2019-02-18 18:45:52.843 [restartedMain] INFO  priv.jesse.mall.MallApplication - Starting MallApplication on DESKTOP-P65EPN1 with PID 15752 (E:\workspace\mall\target\classes started by cassmall in E:\workspace\mall)
2019-02-18 18:45:52.846 [restartedMain] DEBUG priv.jesse.mall.MallApplication - Running with Spring Boot v1.5.8.RELEASE, Spring v4.3.12.RELEASE
2019-02-18 18:45:52.846 [restartedMain] INFO  priv.jesse.mall.MallApplication - No active profile set, falling back to default profiles: default
2019-02-18 18:45:53.006 [background-preinit] INFO  org.hibernate.validator.internal.util.Version - HV000001: Hibernate Validator 5.3.5.Final
2019-02-18 18:45:55.188 [restartedMain] INFO  org.apache.catalina.core.StandardService - Starting service [Tomcat]
2019-02-18 18:45:55.189 [restartedMain] INFO  org.apache.catalina.core.StandardEngine - Starting Servlet Engine: Apache Tomcat/8.5.23
2019-02-18 18:45:55.315 [localhost-startStop-1] INFO  org.apache.catalina.core.ContainerBase.[Tomcat].[localhost].[/mall] - Initializing Spring embedded WebApplicationContext
2019-02-18 18:45:56.662 [restartedMain] INFO  org.hibernate.jpa.internal.util.LogHelper - HHH000204: Processing PersistenceUnitInfo [
	name: default
	...]
2019-02-18 18:45:56.839 [restartedMain] INFO  org.hibernate.Version - HHH000412: Hibernate Core {5.0.12.Final}
2019-02-18 18:45:56.840 [restartedMain] INFO  org.hibernate.cfg.Environment - HHH000206: hibernate.properties not found
2019-02-18 18:45:56.841 [restartedMain] INFO  org.hibernate.cfg.Environment - HHH000021: Bytecode provider name : javassist
2019-02-18 18:45:56.886 [restartedMain] INFO  org.hibernate.annotations.common.Version - HCANN000001: Hibernate Commons Annotations {5.0.1.Final}
2019-02-18 18:45:57.150 [restartedMain] INFO  com.alibaba.druid.pool.DruidDataSource - {dataSource-1} inited
2019-02-18 18:45:57.160 [restartedMain] INFO  org.hibernate.dialect.Dialect - HHH000400: Using dialect: org.hibernate.dialect.MySQL5Dialect
2019-02-18 18:45:57.595 [restartedMain] INFO  org.hibernate.tool.hbm2ddl.SchemaUpdate - HHH000228: Running hbm2ddl schema update
2019-02-18 18:46:00.154 [restartedMain] INFO  org.apache.coyote.http11.Http11NioProtocol - Initializing ProtocolHandler ["http-nio-8081"]
2019-02-18 18:46:00.161 [restartedMain] INFO  org.apache.coyote.http11.Http11NioProtocol - Starting ProtocolHandler ["http-nio-8081"]
2019-02-18 18:46:00.180 [restartedMain] INFO  org.apache.tomcat.util.net.NioSelectorPool - Using a shared selector for servlet write/read
2019-02-18 18:46:00.202 [restartedMain] INFO  priv.jesse.mall.MallApplication - Started MallApplication in 7.637 seconds (JVM running for 9.096)
2019-02-18 18:46:36.646 [http-nio-8081-exec-1] INFO  org.apache.catalina.core.ContainerBase.[Tomcat].[localhost].[/mall] - Initializing Spring FrameworkServlet 'dispatcherServlet'
2019-02-18 18:46:36.735 [http-nio-8081-exec-1] INFO  org.thymeleaf.TemplateEngine - [THYMELEAF] INITIALIZING TEMPLATE ENGINE
2019-02-18 18:46:36.776 [http-nio-8081-exec-1] INFO  org.thymeleaf.templateresolver.AbstractTemplateResolver - [THYMELEAF] INITIALIZING TEMPLATE RESOLVER: org.thymeleaf.spring4.templateresolver.SpringResourceTemplateResolver
2019-02-18 18:46:36.777 [http-nio-8081-exec-1] INFO  org.thymeleaf.templateresolver.AbstractTemplateResolver - [THYMELEAF] TEMPLATE RESOLVER INITIALIZED OK
2019-02-18 18:46:36.777 [http-nio-8081-exec-1] INFO  org.thymeleaf.messageresolver.AbstractMessageResolver - [THYMELEAF] INITIALIZING MESSAGE RESOLVER: org.thymeleaf.spring4.messageresolver.SpringMessageResolver
2019-02-18 18:46:36.777 [http-nio-8081-exec-1] INFO  org.thymeleaf.messageresolver.AbstractMessageResolver - [THYMELEAF] MESSAGE RESOLVER INITIALIZED OK
2019-02-18 18:46:36.781 [http-nio-8081-exec-1] INFO  org.thymeleaf.TemplateEngine.CONFIG - [THYMELEAF] TEMPLATE ENGINE CONFIGURATION:
[THYMELEAF] * Cache Factory implementation: org.thymeleaf.cache.StandardCacheManager
[THYMELEAF] * Template modes:
[THYMELEAF]     * XML
[THYMELEAF]     * VALIDXHTML
[THYMELEAF]     * XHTML
[THYMELEAF]     * VALIDXML
[THYMELEAF]     * HTML5
[THYMELEAF]     * LEGACYHTML5
[THYMELEAF] * Template resolvers (in order):
[THYMELEAF]     * org.thymeleaf.spring4.templateresolver.SpringResourceTemplateResolver
[THYMELEAF] * Message resolvers (in order):
[THYMELEAF]     * org.thymeleaf.spring4.messageresolver.SpringMessageResolver
[THYMELEAF] * Dialect [1 of 2]: org.thymeleaf.spring4.dialect.SpringStandardDialect
[THYMELEAF]     * Prefix: "th"
[THYMELEAF] * Dialect [2 of 2]: nz.net.ultraq.thymeleaf.LayoutDialect
[THYMELEAF]     * Prefix: "layout"
[THYMELEAF] TEMPLATE ENGINE CONFIGURED OK
2019-02-18 18:46:36.782 [http-nio-8081-exec-1] INFO  org.thymeleaf.TemplateEngine - [THYMELEAF] TEMPLATE ENGINE INITIALIZED
2019-02-18 18:46:37.147 [http-nio-8081-exec-8] INFO  org.hibernate.hql.internal.QueryTranslatorFactoryInitiator - HHH000397: Using ASTQueryTranslatorFactory
2019-02-18 18:46:37.173 [http-nio-8081-exec-5] ERROR priv.jesse.mall.aspect.GlobalExceptionHandler - 未登录！请重新登录
java.lang.Exception: 未登录！请重新登录
	at priv.jesse.mall.service.impl.ShopCartServiceImpl.listCart(ShopCartServiceImpl.java:83)
	at sun.reflect.NativeMethodAccessorImpl.invoke0(Native Method)
	at sun.reflect.NativeMethodAccessorImpl.invoke(NativeMethodAccessorImpl.java:62)
	at sun.reflect.DelegatingMethodAccessorImpl.invoke(DelegatingMethodAccessorImpl.java:43)
	at java.lang.reflect.Method.invoke(Method.java:498)
	at org.springframework.aop.support.AopUtils.invokeJoinpointUsingReflection(AopUtils.java:333)
	at org.springframework.aop.framework.ReflectiveMethodInvocation.invokeJoinpoint(ReflectiveMethodInvocation.java:190)
	at org.springframework.aop.framework.ReflectiveMethodInvocation.proceed(ReflectiveMethodInvocation.java:157)
	at com.alibaba.druid.support.spring.stat.DruidStatInterceptor.invoke(DruidStatInterceptor.java:72)
	at org.springframework.aop.framework.ReflectiveMethodInvocation.proceed(ReflectiveMethodInvocation.java:179)
	at org.springframework.aop.framework.JdkDynamicAopProxy.invoke(JdkDynamicAopProxy.java:213)
	at com.sun.proxy.$Proxy109.listCart(Unknown Source)
	at priv.jesse.mall.web.user.ProductController.listCart(ProductController.java:181)
	at sun.reflect.NativeMethodAccessorImpl.invoke0(Native Method)
	at sun.reflect.NativeMethodAccessorImpl.invoke(NativeMethodAccessorImpl.java:62)
	at sun.reflect.DelegatingMethodAccessorImpl.invoke(DelegatingMethodAccessorImpl.java:43)
	at java.lang.reflect.Method.invoke(Method.java:498)
	at org.springframework.web.method.support.InvocableHandlerMethod.doInvoke(InvocableHandlerMethod.java:205)
	at org.springframework.web.method.support.InvocableHandlerMethod.invokeForRequest(InvocableHandlerMethod.java:133)
	at org.springframework.web.servlet.mvc.method.annotation.ServletInvocableHandlerMethod.invokeAndHandle(ServletInvocableHandlerMethod.java:97)
	at org.springframework.web.servlet.mvc.method.annotation.RequestMappingHandlerAdapter.invokeHandlerMethod(RequestMappingHandlerAdapter.java:827)
	at org.springframework.web.servlet.mvc.method.annotation.RequestMappingHandlerAdapter.handleInternal(RequestMappingHandlerAdapter.java:738)
	at org.springframework.web.servlet.mvc.method.AbstractHandlerMethodAdapter.handle(AbstractHandlerMethodAdapter.java:85)
	at org.springframework.web.servlet.DispatcherServlet.doDispatch(DispatcherServlet.java:967)
	at org.springframework.web.servlet.DispatcherServlet.doService(DispatcherServlet.java:901)
	at org.springframework.web.servlet.FrameworkServlet.processRequest(FrameworkServlet.java:970)
	at org.springframework.web.servlet.FrameworkServlet.doGet(FrameworkServlet.java:861)
	at javax.servlet.http.HttpServlet.service(HttpServlet.java:635)
	at org.springframework.web.servlet.FrameworkServlet.service(FrameworkServlet.java:846)
	at javax.servlet.http.HttpServlet.service(HttpServlet.java:742)
	at org.apache.catalina.core.ApplicationFilterChain.internalDoFilter(ApplicationFilterChain.java:231)
	at org.apache.catalina.core.ApplicationFilterChain.doFilter(ApplicationFilterChain.java:166)
	at org.apache.tomcat.websocket.server.WsFilter.doFilter(WsFilter.java:52)
	at org.apache.catalina.core.ApplicationFilterChain.internalDoFilter(ApplicationFilterChain.java:193)
	at org.apache.catalina.core.ApplicationFilterChain.doFilter(ApplicationFilterChain.java:166)
	at priv.jesse.mall.filter.AuthorizationFilter.doFilter(AuthorizationFilter.java:71)
	at org.apache.catalina.core.ApplicationFilterChain.internalDoFilter(ApplicationFilterChain.java:193)
	at org.apache.catalina.core.ApplicationFilterChain.doFilter(ApplicationFilterChain.java:166)
	at com.alibaba.druid.support.http.WebStatFilter.doFilter(WebStatFilter.java:123)
	at org.apache.catalina.core.ApplicationFilterChain.internalDoFilter(ApplicationFilterChain.java:193)
	at org.apache.catalina.core.ApplicationFilterChain.doFilter(ApplicationFilterChain.java:166)
	at org.springframework.web.filter.RequestContextFilter.doFilterInternal(RequestContextFilter.java:99)
	at org.springframework.web.filter.OncePerRequestFilter.doFilter(OncePerRequestFilter.java:107)
	at org.apache.catalina.core.ApplicationFilterChain.internalDoFilter(ApplicationFilterChain.java:193)
	at org.apache.catalina.core.ApplicationFilterChain.doFilter(ApplicationFilterChain.java:166)
	at org.springframework.web.filter.HttpPutFormContentFilter.doFilterInternal(HttpPutFormContentFilter.java:108)
	at org.springframework.web.filter.OncePerRequestFilter.doFilter(OncePerRequestFilter.java:107)
	at org.apache.catalina.core.ApplicationFilterChain.internalDoFilter(ApplicationFilterChain.java:193)
	at org.apache.catalina.core.ApplicationFilterChain.doFilter(ApplicationFilterChain.java:166)
	at org.springframework.web.filter.HiddenHttpMethodFilter.doFilterInternal(HiddenHttpMethodFilter.java:81)
	at org.springframework.web.filter.OncePerRequestFilter.doFilter(OncePerRequestFilter.java:107)
	at org.apache.catalina.core.ApplicationFilterChain.internalDoFilter(ApplicationFilterChain.java:193)
	at org.apache.catalina.core.ApplicationFilterChain.doFilter(ApplicationFilterChain.java:166)
	at org.springframework.web.filter.CharacterEncodingFilter.doFilterInternal(CharacterEncodingFilter.java:197)
	at org.springframework.web.filter.OncePerRequestFilter.doFilter(OncePerRequestFilter.java:107)
	at org.apache.catalina.core.ApplicationFilterChain.internalDoFilter(ApplicationFilterChain.java:193)
	at org.apache.catalina.core.ApplicationFilterChain.doFilter(ApplicationFilterChain.java:166)
	at org.apache.catalina.core.StandardWrapperValve.invoke(StandardWrapperValve.java:199)
	at org.apache.catalina.core.StandardContextValve.invoke(StandardContextValve.java:96)
	at org.apache.catalina.authenticator.AuthenticatorBase.invoke(AuthenticatorBase.java:478)
	at org.apache.catalina.core.StandardHostValve.invoke(StandardHostValve.java:140)
	at org.apache.catalina.valves.ErrorReportValve.invoke(ErrorReportValve.java:81)
	at org.apache.catalina.core.StandardEngineValve.invoke(StandardEngineValve.java:87)
	at org.apache.catalina.connector.CoyoteAdapter.service(CoyoteAdapter.java:342)
	at org.apache.coyote.http11.Http11Processor.service(Http11Processor.java:803)
	at org.apache.coyote.AbstractProcessorLight.process(AbstractProcessorLight.java:66)
	at org.apache.coyote.AbstractProtocol$ConnectionHandler.process(AbstractProtocol.java:868)
	at org.apache.tomcat.util.net.NioEndpoint$SocketProcessor.doRun(NioEndpoint.java:1459)
	at org.apache.tomcat.util.net.SocketProcessorBase.run(SocketProcessorBase.java:49)
	at java.util.concurrent.ThreadPoolExecutor.runWorker(ThreadPoolExecutor.java:1149)
	at java.util.concurrent.ThreadPoolExecutor$Worker.run(ThreadPoolExecutor.java:624)
	at org.apache.tomcat.util.threads.TaskThread$WrappingRunnable.run(TaskThread.java:61)
	at java.lang.Thread.run(Thread.java:748)
2019-02-18 18:46:37.240 [http-nio-8081-exec-5] WARN  org.springframework.web.servlet.mvc.method.annotation.ExceptionHandlerExceptionResolver - Resolved exception caused by Handler execution: java.lang.Exception: 未登录！请重新登录
2019-02-18 18:47:57.434 [restartedMain] INFO  priv.jesse.mall.MallApplication - Starting MallApplication on DESKTOP-P65EPN1 with PID 19036 (E:\workspace\mall\target\classes started by cassmall in E:\workspace\mall)
2019-02-18 18:47:57.437 [restartedMain] DEBUG priv.jesse.mall.MallApplication - Running with Spring Boot v1.5.8.RELEASE, Spring v4.3.12.RELEASE
2019-02-18 18:47:57.437 [restartedMain] INFO  priv.jesse.mall.MallApplication - No active profile set, falling back to default profiles: default
2019-02-18 18:47:57.667 [background-preinit] INFO  org.hibernate.validator.internal.util.Version - HV000001: Hibernate Validator 5.3.5.Final
2019-02-18 18:48:01.684 [restartedMain] INFO  org.apache.catalina.core.StandardService - Starting service [Tomcat]
2019-02-18 18:48:01.685 [restartedMain] INFO  org.apache.catalina.core.StandardEngine - Starting Servlet Engine: Apache Tomcat/8.5.23
2019-02-18 18:48:01.855 [localhost-startStop-1] INFO  org.apache.catalina.core.ContainerBase.[Tomcat].[localhost].[/mall] - Initializing Spring embedded WebApplicationContext
2019-02-18 18:48:04.010 [restartedMain] INFO  org.hibernate.jpa.internal.util.LogHelper - HHH000204: Processing PersistenceUnitInfo [
	name: default
	...]
2019-02-18 18:48:04.242 [restartedMain] INFO  org.hibernate.Version - HHH000412: Hibernate Core {5.0.12.Final}
2019-02-18 18:48:04.244 [restartedMain] INFO  org.hibernate.cfg.Environment - HHH000206: hibernate.properties not found
2019-02-18 18:48:04.246 [restartedMain] INFO  org.hibernate.cfg.Environment - HHH000021: Bytecode provider name : javassist
2019-02-18 18:48:04.339 [restartedMain] INFO  org.hibernate.annotations.common.Version - HCANN000001: Hibernate Commons Annotations {5.0.1.Final}
2019-02-18 18:48:04.860 [restartedMain] INFO  com.alibaba.druid.pool.DruidDataSource - {dataSource-1} inited
2019-02-18 18:48:04.872 [restartedMain] INFO  org.hibernate.dialect.Dialect - HHH000400: Using dialect: org.hibernate.dialect.MySQL5Dialect
2019-02-18 18:48:05.669 [restartedMain] INFO  org.hibernate.tool.hbm2ddl.SchemaUpdate - HHH000228: Running hbm2ddl schema update
2019-02-18 18:48:10.366 [restartedMain] INFO  org.apache.coyote.http11.Http11NioProtocol - Initializing ProtocolHandler ["http-nio-8081"]
2019-02-18 18:48:10.380 [restartedMain] INFO  org.apache.coyote.http11.Http11NioProtocol - Starting ProtocolHandler ["http-nio-8081"]
2019-02-18 18:48:10.436 [restartedMain] INFO  org.apache.tomcat.util.net.NioSelectorPool - Using a shared selector for servlet write/read
2019-02-18 18:48:10.499 [restartedMain] INFO  priv.jesse.mall.MallApplication - Started MallApplication in 13.413 seconds (JVM running for 15.337)
2019-02-18 18:48:30.698 [http-nio-8081-exec-1] INFO  org.apache.catalina.core.ContainerBase.[Tomcat].[localhost].[/mall] - Initializing Spring FrameworkServlet 'dispatcherServlet'
2019-02-18 18:48:30.796 [http-nio-8081-exec-1] INFO  org.thymeleaf.TemplateEngine - [THYMELEAF] INITIALIZING TEMPLATE ENGINE
2019-02-18 18:48:30.839 [http-nio-8081-exec-1] INFO  org.thymeleaf.templateresolver.AbstractTemplateResolver - [THYMELEAF] INITIALIZING TEMPLATE RESOLVER: org.thymeleaf.spring4.templateresolver.SpringResourceTemplateResolver
2019-02-18 18:48:30.840 [http-nio-8081-exec-1] INFO  org.thymeleaf.templateresolver.AbstractTemplateResolver - [THYMELEAF] TEMPLATE RESOLVER INITIALIZED OK
2019-02-18 18:48:30.841 [http-nio-8081-exec-1] INFO  org.thymeleaf.messageresolver.AbstractMessageResolver - [THYMELEAF] INITIALIZING MESSAGE RESOLVER: org.thymeleaf.spring4.messageresolver.SpringMessageResolver
2019-02-18 18:48:30.843 [http-nio-8081-exec-1] INFO  org.thymeleaf.messageresolver.AbstractMessageResolver - [THYMELEAF] MESSAGE RESOLVER INITIALIZED OK
2019-02-18 18:48:30.848 [http-nio-8081-exec-1] INFO  org.thymeleaf.TemplateEngine.CONFIG - [THYMELEAF] TEMPLATE ENGINE CONFIGURATION:
[THYMELEAF] * Cache Factory implementation: org.thymeleaf.cache.StandardCacheManager
[THYMELEAF] * Template modes:
[THYMELEAF]     * XML
[THYMELEAF]     * XHTML
[THYMELEAF]     * VALIDXML
[THYMELEAF]     * HTML5
[THYMELEAF]     * VALIDXHTML
[THYMELEAF]     * LEGACYHTML5
[THYMELEAF] * Template resolvers (in order):
[THYMELEAF]     * org.thymeleaf.spring4.templateresolver.SpringResourceTemplateResolver
[THYMELEAF] * Message resolvers (in order):
[THYMELEAF]     * org.thymeleaf.spring4.messageresolver.SpringMessageResolver
[THYMELEAF] * Dialect [1 of 2]: org.thymeleaf.spring4.dialect.SpringStandardDialect
[THYMELEAF]     * Prefix: "th"
[THYMELEAF] * Dialect [2 of 2]: nz.net.ultraq.thymeleaf.LayoutDialect
[THYMELEAF]     * Prefix: "layout"
[THYMELEAF] TEMPLATE ENGINE CONFIGURED OK
2019-02-18 18:48:30.848 [http-nio-8081-exec-1] INFO  org.thymeleaf.TemplateEngine - [THYMELEAF] TEMPLATE ENGINE INITIALIZED
2019-02-18 18:48:31.326 [http-nio-8081-exec-7] ERROR priv.jesse.mall.aspect.GlobalExceptionHandler - 未登录！请重新登录
java.lang.Exception: 未登录！请重新登录
	at priv.jesse.mall.service.impl.ShopCartServiceImpl.listCart(ShopCartServiceImpl.java:83)
	at sun.reflect.NativeMethodAccessorImpl.invoke0(Native Method)
	at sun.reflect.NativeMethodAccessorImpl.invoke(NativeMethodAccessorImpl.java:62)
	at sun.reflect.DelegatingMethodAccessorImpl.invoke(DelegatingMethodAccessorImpl.java:43)
	at java.lang.reflect.Method.invoke(Method.java:498)
	at org.springframework.aop.support.AopUtils.invokeJoinpointUsingReflection(AopUtils.java:333)
	at org.springframework.aop.framework.ReflectiveMethodInvocation.invokeJoinpoint(ReflectiveMethodInvocation.java:190)
	at org.springframework.aop.framework.ReflectiveMethodInvocation.proceed(ReflectiveMethodInvocation.java:157)
	at com.alibaba.druid.support.spring.stat.DruidStatInterceptor.invoke(DruidStatInterceptor.java:72)
	at org.springframework.aop.framework.ReflectiveMethodInvocation.proceed(ReflectiveMethodInvocation.java:179)
	at org.springframework.aop.framework.JdkDynamicAopProxy.invoke(JdkDynamicAopProxy.java:213)
	at com.sun.proxy.$Proxy109.listCart(Unknown Source)
	at priv.jesse.mall.web.user.ProductController.listCart(ProductController.java:181)
	at sun.reflect.NativeMethodAccessorImpl.invoke0(Native Method)
	at sun.reflect.NativeMethodAccessorImpl.invoke(NativeMethodAccessorImpl.java:62)
	at sun.reflect.DelegatingMethodAccessorImpl.invoke(DelegatingMethodAccessorImpl.java:43)
	at java.lang.reflect.Method.invoke(Method.java:498)
	at org.springframework.web.method.support.InvocableHandlerMethod.doInvoke(InvocableHandlerMethod.java:205)
	at org.springframework.web.method.support.InvocableHandlerMethod.invokeForRequest(InvocableHandlerMethod.java:133)
	at org.springframework.web.servlet.mvc.method.annotation.ServletInvocableHandlerMethod.invokeAndHandle(ServletInvocableHandlerMethod.java:97)
	at org.springframework.web.servlet.mvc.method.annotation.RequestMappingHandlerAdapter.invokeHandlerMethod(RequestMappingHandlerAdapter.java:827)
	at org.springframework.web.servlet.mvc.method.annotation.RequestMappingHandlerAdapter.handleInternal(RequestMappingHandlerAdapter.java:738)
	at org.springframework.web.servlet.mvc.method.AbstractHandlerMethodAdapter.handle(AbstractHandlerMethodAdapter.java:85)
	at org.springframework.web.servlet.DispatcherServlet.doDispatch(DispatcherServlet.java:967)
	at org.springframework.web.servlet.DispatcherServlet.doService(DispatcherServlet.java:901)
	at org.springframework.web.servlet.FrameworkServlet.processRequest(FrameworkServlet.java:970)
	at org.springframework.web.servlet.FrameworkServlet.doGet(FrameworkServlet.java:861)
	at javax.servlet.http.HttpServlet.service(HttpServlet.java:635)
	at org.springframework.web.servlet.FrameworkServlet.service(FrameworkServlet.java:846)
	at javax.servlet.http.HttpServlet.service(HttpServlet.java:742)
	at org.apache.catalina.core.ApplicationFilterChain.internalDoFilter(ApplicationFilterChain.java:231)
	at org.apache.catalina.core.ApplicationFilterChain.doFilter(ApplicationFilterChain.java:166)
	at org.apache.tomcat.websocket.server.WsFilter.doFilter(WsFilter.java:52)
	at org.apache.catalina.core.ApplicationFilterChain.internalDoFilter(ApplicationFilterChain.java:193)
	at org.apache.catalina.core.ApplicationFilterChain.doFilter(ApplicationFilterChain.java:166)
	at priv.jesse.mall.filter.AuthorizationFilter.doFilter(AuthorizationFilter.java:71)
	at org.apache.catalina.core.ApplicationFilterChain.internalDoFilter(ApplicationFilterChain.java:193)
	at org.apache.catalina.core.ApplicationFilterChain.doFilter(ApplicationFilterChain.java:166)
	at com.alibaba.druid.support.http.WebStatFilter.doFilter(WebStatFilter.java:123)
	at org.apache.catalina.core.ApplicationFilterChain.internalDoFilter(ApplicationFilterChain.java:193)
	at org.apache.catalina.core.ApplicationFilterChain.doFilter(ApplicationFilterChain.java:166)
	at org.springframework.web.filter.RequestContextFilter.doFilterInternal(RequestContextFilter.java:99)
	at org.springframework.web.filter.OncePerRequestFilter.doFilter(OncePerRequestFilter.java:107)
	at org.apache.catalina.core.ApplicationFilterChain.internalDoFilter(ApplicationFilterChain.java:193)
	at org.apache.catalina.core.ApplicationFilterChain.doFilter(ApplicationFilterChain.java:166)
	at org.springframework.web.filter.HttpPutFormContentFilter.doFilterInternal(HttpPutFormContentFilter.java:108)
	at org.springframework.web.filter.OncePerRequestFilter.doFilter(OncePerRequestFilter.java:107)
	at org.apache.catalina.core.ApplicationFilterChain.internalDoFilter(ApplicationFilterChain.java:193)
	at org.apache.catalina.core.ApplicationFilterChain.doFilter(ApplicationFilterChain.java:166)
	at org.springframework.web.filter.HiddenHttpMethodFilter.doFilterInternal(HiddenHttpMethodFilter.java:81)
	at org.springframework.web.filter.OncePerRequestFilter.doFilter(OncePerRequestFilter.java:107)
	at org.apache.catalina.core.ApplicationFilterChain.internalDoFilter(ApplicationFilterChain.java:193)
	at org.apache.catalina.core.ApplicationFilterChain.doFilter(ApplicationFilterChain.java:166)
	at org.springframework.web.filter.CharacterEncodingFilter.doFilterInternal(CharacterEncodingFilter.java:197)
	at org.springframework.web.filter.OncePerRequestFilter.doFilter(OncePerRequestFilter.java:107)
	at org.apache.catalina.core.ApplicationFilterChain.internalDoFilter(ApplicationFilterChain.java:193)
	at org.apache.catalina.core.ApplicationFilterChain.doFilter(ApplicationFilterChain.java:166)
	at org.apache.catalina.core.StandardWrapperValve.invoke(StandardWrapperValve.java:199)
	at org.apache.catalina.core.StandardContextValve.invoke(StandardContextValve.java:96)
	at org.apache.catalina.authenticator.AuthenticatorBase.invoke(AuthenticatorBase.java:478)
	at org.apache.catalina.core.StandardHostValve.invoke(StandardHostValve.java:140)
	at org.apache.catalina.valves.ErrorReportValve.invoke(ErrorReportValve.java:81)
	at org.apache.catalina.core.StandardEngineValve.invoke(StandardEngineValve.java:87)
	at org.apache.catalina.connector.CoyoteAdapter.service(CoyoteAdapter.java:342)
	at org.apache.coyote.http11.Http11Processor.service(Http11Processor.java:803)
	at org.apache.coyote.AbstractProcessorLight.process(AbstractProcessorLight.java:66)
	at org.apache.coyote.AbstractProtocol$ConnectionHandler.process(AbstractProtocol.java:868)
	at org.apache.tomcat.util.net.NioEndpoint$SocketProcessor.doRun(NioEndpoint.java:1459)
	at org.apache.tomcat.util.net.SocketProcessorBase.run(SocketProcessorBase.java:49)
	at java.util.concurrent.ThreadPoolExecutor.runWorker(ThreadPoolExecutor.java:1149)
	at java.util.concurrent.ThreadPoolExecutor$Worker.run(ThreadPoolExecutor.java:624)
	at org.apache.tomcat.util.threads.TaskThread$WrappingRunnable.run(TaskThread.java:61)
	at java.lang.Thread.run(Thread.java:748)
2019-02-18 18:48:31.339 [http-nio-8081-exec-9] INFO  org.hibernate.hql.internal.QueryTranslatorFactoryInitiator - HHH000397: Using ASTQueryTranslatorFactory
2019-02-18 18:48:31.409 [http-nio-8081-exec-7] WARN  org.springframework.web.servlet.mvc.method.annotation.ExceptionHandlerExceptionResolver - Resolved exception caused by Handler execution: java.lang.Exception: 未登录！请重新登录
2019-02-18 18:58:35.817 [restartedMain] INFO  priv.jesse.mall.MallApplication - Starting MallApplication on DESKTOP-P65EPN1 with PID 17228 (E:\workspace\mall\target\classes started by cassmall in E:\workspace\mall)
2019-02-18 18:58:35.820 [restartedMain] DEBUG priv.jesse.mall.MallApplication - Running with Spring Boot v1.5.8.RELEASE, Spring v4.3.12.RELEASE
2019-02-18 18:58:35.821 [restartedMain] INFO  priv.jesse.mall.MallApplication - No active profile set, falling back to default profiles: default
2019-02-18 18:58:35.986 [background-preinit] INFO  org.hibernate.validator.internal.util.Version - HV000001: Hibernate Validator 5.3.5.Final
2019-02-18 18:58:38.817 [restartedMain] INFO  org.apache.catalina.core.StandardService - Starting service [Tomcat]
2019-02-18 18:58:38.819 [restartedMain] INFO  org.apache.catalina.core.StandardEngine - Starting Servlet Engine: Apache Tomcat/8.5.23
2019-02-18 18:58:38.954 [localhost-startStop-1] INFO  org.apache.catalina.core.ContainerBase.[Tomcat].[localhost].[/mall] - Initializing Spring embedded WebApplicationContext
2019-02-18 18:58:40.475 [restartedMain] INFO  org.hibernate.jpa.internal.util.LogHelper - HHH000204: Processing PersistenceUnitInfo [
	name: default
	...]
2019-02-18 18:58:40.646 [restartedMain] INFO  org.hibernate.Version - HHH000412: Hibernate Core {5.0.12.Final}
2019-02-18 18:58:40.648 [restartedMain] INFO  org.hibernate.cfg.Environment - HHH000206: hibernate.properties not found
2019-02-18 18:58:40.648 [restartedMain] INFO  org.hibernate.cfg.Environment - HHH000021: Bytecode provider name : javassist
2019-02-18 18:58:40.699 [restartedMain] INFO  org.hibernate.annotations.common.Version - HCANN000001: Hibernate Commons Annotations {5.0.1.Final}
2019-02-18 18:58:44.668 [restartedMain] INFO  priv.jesse.mall.MallApplication - Starting MallApplication on DESKTOP-P65EPN1 with PID 13876 (E:\workspace\mall\target\classes started by cassmall in E:\workspace\mall)
2019-02-18 18:58:44.672 [restartedMain] DEBUG priv.jesse.mall.MallApplication - Running with Spring Boot v1.5.8.RELEASE, Spring v4.3.12.RELEASE
2019-02-18 18:58:44.673 [restartedMain] INFO  priv.jesse.mall.MallApplication - No active profile set, falling back to default profiles: default
2019-02-18 18:58:44.904 [background-preinit] INFO  org.hibernate.validator.internal.util.Version - HV000001: Hibernate Validator 5.3.5.Final
2019-02-18 18:58:47.244 [restartedMain] INFO  org.apache.catalina.core.StandardService - Starting service [Tomcat]
2019-02-18 18:58:47.245 [restartedMain] INFO  org.apache.catalina.core.StandardEngine - Starting Servlet Engine: Apache Tomcat/8.5.23
2019-02-18 18:58:47.372 [localhost-startStop-1] INFO  org.apache.catalina.core.ContainerBase.[Tomcat].[localhost].[/mall] - Initializing Spring embedded WebApplicationContext
2019-02-18 18:58:48.780 [restartedMain] INFO  org.hibernate.jpa.internal.util.LogHelper - HHH000204: Processing PersistenceUnitInfo [
	name: default
	...]
2019-02-18 18:58:48.950 [restartedMain] INFO  org.hibernate.Version - HHH000412: Hibernate Core {5.0.12.Final}
2019-02-18 18:58:48.951 [restartedMain] INFO  org.hibernate.cfg.Environment - HHH000206: hibernate.properties not found
2019-02-18 18:58:48.953 [restartedMain] INFO  org.hibernate.cfg.Environment - HHH000021: Bytecode provider name : javassist
2019-02-18 18:58:49.002 [restartedMain] INFO  org.hibernate.annotations.common.Version - HCANN000001: Hibernate Commons Annotations {5.0.1.Final}
2019-02-18 18:58:49.274 [restartedMain] INFO  com.alibaba.druid.pool.DruidDataSource - {dataSource-1} inited
2019-02-18 18:58:49.283 [restartedMain] INFO  org.hibernate.dialect.Dialect - HHH000400: Using dialect: org.hibernate.dialect.MySQL5Dialect
2019-02-18 18:58:49.740 [restartedMain] INFO  org.hibernate.tool.hbm2ddl.SchemaUpdate - HHH000228: Running hbm2ddl schema update
2019-02-18 18:58:52.268 [restartedMain] INFO  org.apache.coyote.http11.Http11NioProtocol - Initializing ProtocolHandler ["http-nio-8081"]
2019-02-18 18:58:52.276 [restartedMain] INFO  org.apache.coyote.http11.Http11NioProtocol - Starting ProtocolHandler ["http-nio-8081"]
2019-02-18 18:58:52.290 [restartedMain] INFO  org.apache.tomcat.util.net.NioSelectorPool - Using a shared selector for servlet write/read
2019-02-18 18:58:52.315 [restartedMain] INFO  priv.jesse.mall.MallApplication - Started MallApplication in 8.007 seconds (JVM running for 10.261)
2019-02-18 18:58:56.360 [http-nio-8081-exec-1] INFO  org.apache.catalina.core.ContainerBase.[Tomcat].[localhost].[/mall] - Initializing Spring FrameworkServlet 'dispatcherServlet'
2019-02-18 18:58:56.455 [http-nio-8081-exec-1] INFO  org.thymeleaf.TemplateEngine - [THYMELEAF] INITIALIZING TEMPLATE ENGINE
2019-02-18 18:58:56.498 [http-nio-8081-exec-1] INFO  org.thymeleaf.templateresolver.AbstractTemplateResolver - [THYMELEAF] INITIALIZING TEMPLATE RESOLVER: org.thymeleaf.spring4.templateresolver.SpringResourceTemplateResolver
2019-02-18 18:58:56.499 [http-nio-8081-exec-1] INFO  org.thymeleaf.templateresolver.AbstractTemplateResolver - [THYMELEAF] TEMPLATE RESOLVER INITIALIZED OK
2019-02-18 18:58:56.499 [http-nio-8081-exec-1] INFO  org.thymeleaf.messageresolver.AbstractMessageResolver - [THYMELEAF] INITIALIZING MESSAGE RESOLVER: org.thymeleaf.spring4.messageresolver.SpringMessageResolver
2019-02-18 18:58:56.499 [http-nio-8081-exec-1] INFO  org.thymeleaf.messageresolver.AbstractMessageResolver - [THYMELEAF] MESSAGE RESOLVER INITIALIZED OK
2019-02-18 18:58:56.502 [http-nio-8081-exec-1] INFO  org.thymeleaf.TemplateEngine.CONFIG - [THYMELEAF] TEMPLATE ENGINE CONFIGURATION:
[THYMELEAF] * Cache Factory implementation: org.thymeleaf.cache.StandardCacheManager
[THYMELEAF] * Template modes:
[THYMELEAF]     * XHTML
[THYMELEAF]     * XML
[THYMELEAF]     * LEGACYHTML5
[THYMELEAF]     * VALIDXHTML
[THYMELEAF]     * HTML5
[THYMELEAF]     * VALIDXML
[THYMELEAF] * Template resolvers (in order):
[THYMELEAF]     * org.thymeleaf.spring4.templateresolver.SpringResourceTemplateResolver
[THYMELEAF] * Message resolvers (in order):
[THYMELEAF]     * org.thymeleaf.spring4.messageresolver.SpringMessageResolver
[THYMELEAF] * Dialect [1 of 2]: org.thymeleaf.spring4.dialect.SpringStandardDialect
[THYMELEAF]     * Prefix: "th"
[THYMELEAF] * Dialect [2 of 2]: nz.net.ultraq.thymeleaf.LayoutDialect
[THYMELEAF]     * Prefix: "layout"
[THYMELEAF] TEMPLATE ENGINE CONFIGURED OK
2019-02-18 18:58:56.503 [http-nio-8081-exec-1] INFO  org.thymeleaf.TemplateEngine - [THYMELEAF] TEMPLATE ENGINE INITIALIZED
2019-02-18 18:58:57.004 [http-nio-8081-exec-9] INFO  org.hibernate.hql.internal.QueryTranslatorFactoryInitiator - HHH000397: Using ASTQueryTranslatorFactory
2019-02-18 19:34:41.166 [restartedMain] INFO  priv.jesse.mall.MallApplication - Starting MallApplication on DESKTOP-P65EPN1 with PID 9924 (E:\workspace\mall\target\classes started by cassmall in E:\workspace\mall)
2019-02-18 19:34:41.169 [restartedMain] DEBUG priv.jesse.mall.MallApplication - Running with Spring Boot v1.5.8.RELEASE, Spring v4.3.12.RELEASE
2019-02-18 19:34:41.169 [restartedMain] INFO  priv.jesse.mall.MallApplication - No active profile set, falling back to default profiles: default
2019-02-18 19:34:41.321 [background-preinit] INFO  org.hibernate.validator.internal.util.Version - HV000001: Hibernate Validator 5.3.5.Final
2019-02-18 19:34:43.459 [restartedMain] INFO  org.apache.catalina.core.StandardService - Starting service [Tomcat]
2019-02-18 19:34:43.461 [restartedMain] INFO  org.apache.catalina.core.StandardEngine - Starting Servlet Engine: Apache Tomcat/8.5.23
2019-02-18 19:34:43.597 [localhost-startStop-1] INFO  org.apache.catalina.core.ContainerBase.[Tomcat].[localhost].[/mall] - Initializing Spring embedded WebApplicationContext
2019-02-18 19:34:44.954 [restartedMain] INFO  org.hibernate.jpa.internal.util.LogHelper - HHH000204: Processing PersistenceUnitInfo [
	name: default
	...]
2019-02-18 19:34:45.130 [restartedMain] INFO  org.hibernate.Version - HHH000412: Hibernate Core {5.0.12.Final}
2019-02-18 19:34:45.132 [restartedMain] INFO  org.hibernate.cfg.Environment - HHH000206: hibernate.properties not found
2019-02-18 19:34:45.133 [restartedMain] INFO  org.hibernate.cfg.Environment - HHH000021: Bytecode provider name : javassist
2019-02-18 19:34:45.174 [restartedMain] INFO  org.hibernate.annotations.common.Version - HCANN000001: Hibernate Commons Annotations {5.0.1.Final}
2019-02-18 19:34:45.427 [restartedMain] INFO  com.alibaba.druid.pool.DruidDataSource - {dataSource-1} inited
2019-02-18 19:34:45.437 [restartedMain] INFO  org.hibernate.dialect.Dialect - HHH000400: Using dialect: org.hibernate.dialect.MySQL5Dialect
2019-02-18 19:34:45.861 [restartedMain] INFO  org.hibernate.tool.hbm2ddl.SchemaUpdate - HHH000228: Running hbm2ddl schema update
2019-02-18 19:34:48.133 [restartedMain] INFO  org.apache.coyote.http11.Http11NioProtocol - Initializing ProtocolHandler ["http-nio-8081"]
2019-02-18 19:34:48.165 [restartedMain] INFO  org.apache.coyote.http11.Http11NioProtocol - Starting ProtocolHandler ["http-nio-8081"]
2019-02-18 19:34:48.182 [restartedMain] INFO  org.apache.tomcat.util.net.NioSelectorPool - Using a shared selector for servlet write/read
2019-02-18 19:34:48.204 [restartedMain] INFO  priv.jesse.mall.MallApplication - Started MallApplication in 7.307 seconds (JVM running for 8.609)
2019-02-18 19:34:53.822 [http-nio-8081-exec-2] INFO  org.apache.catalina.core.ContainerBase.[Tomcat].[localhost].[/mall] - Initializing Spring FrameworkServlet 'dispatcherServlet'
2019-02-18 19:34:53.913 [http-nio-8081-exec-2] INFO  org.thymeleaf.TemplateEngine - [THYMELEAF] INITIALIZING TEMPLATE ENGINE
2019-02-18 19:34:53.956 [http-nio-8081-exec-2] INFO  org.thymeleaf.templateresolver.AbstractTemplateResolver - [THYMELEAF] INITIALIZING TEMPLATE RESOLVER: org.thymeleaf.spring4.templateresolver.SpringResourceTemplateResolver
2019-02-18 19:34:53.956 [http-nio-8081-exec-2] INFO  org.thymeleaf.templateresolver.AbstractTemplateResolver - [THYMELEAF] TEMPLATE RESOLVER INITIALIZED OK
2019-02-18 19:34:53.956 [http-nio-8081-exec-2] INFO  org.thymeleaf.messageresolver.AbstractMessageResolver - [THYMELEAF] INITIALIZING MESSAGE RESOLVER: org.thymeleaf.spring4.messageresolver.SpringMessageResolver
2019-02-18 19:34:53.956 [http-nio-8081-exec-2] INFO  org.thymeleaf.messageresolver.AbstractMessageResolver - [THYMELEAF] MESSAGE RESOLVER INITIALIZED OK
2019-02-18 19:34:53.960 [http-nio-8081-exec-2] INFO  org.thymeleaf.TemplateEngine.CONFIG - [THYMELEAF] TEMPLATE ENGINE CONFIGURATION:
[THYMELEAF] * Cache Factory implementation: org.thymeleaf.cache.StandardCacheManager
[THYMELEAF] * Template modes:
[THYMELEAF]     * XHTML
[THYMELEAF]     * VALIDXHTML
[THYMELEAF]     * LEGACYHTML5
[THYMELEAF]     * XML
[THYMELEAF]     * VALIDXML
[THYMELEAF]     * HTML5
[THYMELEAF] * Template resolvers (in order):
[THYMELEAF]     * org.thymeleaf.spring4.templateresolver.SpringResourceTemplateResolver
[THYMELEAF] * Message resolvers (in order):
[THYMELEAF]     * org.thymeleaf.spring4.messageresolver.SpringMessageResolver
[THYMELEAF] * Dialect [1 of 2]: org.thymeleaf.spring4.dialect.SpringStandardDialect
[THYMELEAF]     * Prefix: "th"
[THYMELEAF] * Dialect [2 of 2]: nz.net.ultraq.thymeleaf.LayoutDialect
[THYMELEAF]     * Prefix: "layout"
[THYMELEAF] TEMPLATE ENGINE CONFIGURED OK
2019-02-18 19:34:53.960 [http-nio-8081-exec-2] INFO  org.thymeleaf.TemplateEngine - [THYMELEAF] TEMPLATE ENGINE INITIALIZED
2019-02-18 19:34:54.464 [http-nio-8081-exec-9] INFO  org.hibernate.hql.internal.QueryTranslatorFactoryInitiator - HHH000397: Using ASTQueryTranslatorFactory
2019-02-18 19:34:54.528 [http-nio-8081-exec-5] ERROR priv.jesse.mall.aspect.GlobalExceptionHandler - 未登录！请重新登录
java.lang.Exception: 未登录！请重新登录
	at priv.jesse.mall.service.impl.ShopCartServiceImpl.listCart(ShopCartServiceImpl.java:83)
	at sun.reflect.NativeMethodAccessorImpl.invoke0(Native Method)
	at sun.reflect.NativeMethodAccessorImpl.invoke(NativeMethodAccessorImpl.java:62)
	at sun.reflect.DelegatingMethodAccessorImpl.invoke(DelegatingMethodAccessorImpl.java:43)
	at java.lang.reflect.Method.invoke(Method.java:498)
	at org.springframework.aop.support.AopUtils.invokeJoinpointUsingReflection(AopUtils.java:333)
	at org.springframework.aop.framework.ReflectiveMethodInvocation.invokeJoinpoint(ReflectiveMethodInvocation.java:190)
	at org.springframework.aop.framework.ReflectiveMethodInvocation.proceed(ReflectiveMethodInvocation.java:157)
	at com.alibaba.druid.support.spring.stat.DruidStatInterceptor.invoke(DruidStatInterceptor.java:72)
	at org.springframework.aop.framework.ReflectiveMethodInvocation.proceed(ReflectiveMethodInvocation.java:179)
	at org.springframework.aop.framework.JdkDynamicAopProxy.invoke(JdkDynamicAopProxy.java:213)
	at com.sun.proxy.$Proxy109.listCart(Unknown Source)
	at priv.jesse.mall.web.user.ProductController.listCart(ProductController.java:181)
	at sun.reflect.NativeMethodAccessorImpl.invoke0(Native Method)
	at sun.reflect.NativeMethodAccessorImpl.invoke(NativeMethodAccessorImpl.java:62)
	at sun.reflect.DelegatingMethodAccessorImpl.invoke(DelegatingMethodAccessorImpl.java:43)
	at java.lang.reflect.Method.invoke(Method.java:498)
	at org.springframework.web.method.support.InvocableHandlerMethod.doInvoke(InvocableHandlerMethod.java:205)
	at org.springframework.web.method.support.InvocableHandlerMethod.invokeForRequest(InvocableHandlerMethod.java:133)
	at org.springframework.web.servlet.mvc.method.annotation.ServletInvocableHandlerMethod.invokeAndHandle(ServletInvocableHandlerMethod.java:97)
	at org.springframework.web.servlet.mvc.method.annotation.RequestMappingHandlerAdapter.invokeHandlerMethod(RequestMappingHandlerAdapter.java:827)
	at org.springframework.web.servlet.mvc.method.annotation.RequestMappingHandlerAdapter.handleInternal(RequestMappingHandlerAdapter.java:738)
	at org.springframework.web.servlet.mvc.method.AbstractHandlerMethodAdapter.handle(AbstractHandlerMethodAdapter.java:85)
	at org.springframework.web.servlet.DispatcherServlet.doDispatch(DispatcherServlet.java:967)
	at org.springframework.web.servlet.DispatcherServlet.doService(DispatcherServlet.java:901)
	at org.springframework.web.servlet.FrameworkServlet.processRequest(FrameworkServlet.java:970)
	at org.springframework.web.servlet.FrameworkServlet.doGet(FrameworkServlet.java:861)
	at javax.servlet.http.HttpServlet.service(HttpServlet.java:635)
	at org.springframework.web.servlet.FrameworkServlet.service(FrameworkServlet.java:846)
	at javax.servlet.http.HttpServlet.service(HttpServlet.java:742)
	at org.apache.catalina.core.ApplicationFilterChain.internalDoFilter(ApplicationFilterChain.java:231)
	at org.apache.catalina.core.ApplicationFilterChain.doFilter(ApplicationFilterChain.java:166)
	at org.apache.tomcat.websocket.server.WsFilter.doFilter(WsFilter.java:52)
	at org.apache.catalina.core.ApplicationFilterChain.internalDoFilter(ApplicationFilterChain.java:193)
	at org.apache.catalina.core.ApplicationFilterChain.doFilter(ApplicationFilterChain.java:166)
	at priv.jesse.mall.filter.AuthorizationFilter.doFilter(AuthorizationFilter.java:71)
	at org.apache.catalina.core.ApplicationFilterChain.internalDoFilter(ApplicationFilterChain.java:193)
	at org.apache.catalina.core.ApplicationFilterChain.doFilter(ApplicationFilterChain.java:166)
	at com.alibaba.druid.support.http.WebStatFilter.doFilter(WebStatFilter.java:123)
	at org.apache.catalina.core.ApplicationFilterChain.internalDoFilter(ApplicationFilterChain.java:193)
	at org.apache.catalina.core.ApplicationFilterChain.doFilter(ApplicationFilterChain.java:166)
	at org.springframework.web.filter.RequestContextFilter.doFilterInternal(RequestContextFilter.java:99)
	at org.springframework.web.filter.OncePerRequestFilter.doFilter(OncePerRequestFilter.java:107)
	at org.apache.catalina.core.ApplicationFilterChain.internalDoFilter(ApplicationFilterChain.java:193)
	at org.apache.catalina.core.ApplicationFilterChain.doFilter(ApplicationFilterChain.java:166)
	at org.springframework.web.filter.HttpPutFormContentFilter.doFilterInternal(HttpPutFormContentFilter.java:108)
	at org.springframework.web.filter.OncePerRequestFilter.doFilter(OncePerRequestFilter.java:107)
	at org.apache.catalina.core.ApplicationFilterChain.internalDoFilter(ApplicationFilterChain.java:193)
	at org.apache.catalina.core.ApplicationFilterChain.doFilter(ApplicationFilterChain.java:166)
	at org.springframework.web.filter.HiddenHttpMethodFilter.doFilterInternal(HiddenHttpMethodFilter.java:81)
	at org.springframework.web.filter.OncePerRequestFilter.doFilter(OncePerRequestFilter.java:107)
	at org.apache.catalina.core.ApplicationFilterChain.internalDoFilter(ApplicationFilterChain.java:193)
	at org.apache.catalina.core.ApplicationFilterChain.doFilter(ApplicationFilterChain.java:166)
	at org.springframework.web.filter.CharacterEncodingFilter.doFilterInternal(CharacterEncodingFilter.java:197)
	at org.springframework.web.filter.OncePerRequestFilter.doFilter(OncePerRequestFilter.java:107)
	at org.apache.catalina.core.ApplicationFilterChain.internalDoFilter(ApplicationFilterChain.java:193)
	at org.apache.catalina.core.ApplicationFilterChain.doFilter(ApplicationFilterChain.java:166)
	at org.apache.catalina.core.StandardWrapperValve.invoke(StandardWrapperValve.java:199)
	at org.apache.catalina.core.StandardContextValve.invoke(StandardContextValve.java:96)
	at org.apache.catalina.authenticator.AuthenticatorBase.invoke(AuthenticatorBase.java:478)
	at org.apache.catalina.core.StandardHostValve.invoke(StandardHostValve.java:140)
	at org.apache.catalina.valves.ErrorReportValve.invoke(ErrorReportValve.java:81)
	at org.apache.catalina.core.StandardEngineValve.invoke(StandardEngineValve.java:87)
	at org.apache.catalina.connector.CoyoteAdapter.service(CoyoteAdapter.java:342)
	at org.apache.coyote.http11.Http11Processor.service(Http11Processor.java:803)
	at org.apache.coyote.AbstractProcessorLight.process(AbstractProcessorLight.java:66)
	at org.apache.coyote.AbstractProtocol$ConnectionHandler.process(AbstractProtocol.java:868)
	at org.apache.tomcat.util.net.NioEndpoint$SocketProcessor.doRun(NioEndpoint.java:1459)
	at org.apache.tomcat.util.net.SocketProcessorBase.run(SocketProcessorBase.java:49)
	at java.util.concurrent.ThreadPoolExecutor.runWorker(ThreadPoolExecutor.java:1149)
	at java.util.concurrent.ThreadPoolExecutor$Worker.run(ThreadPoolExecutor.java:624)
	at org.apache.tomcat.util.threads.TaskThread$WrappingRunnable.run(TaskThread.java:61)
	at java.lang.Thread.run(Thread.java:748)
2019-02-18 19:34:54.620 [http-nio-8081-exec-5] WARN  org.springframework.web.servlet.mvc.method.annotation.ExceptionHandlerExceptionResolver - Resolved exception caused by Handler execution: java.lang.Exception: 未登录！请重新登录
2019-02-18 19:37:12.435 [restartedMain] INFO  priv.jesse.mall.MallApplication - Starting MallApplication on DESKTOP-P65EPN1 with PID 10856 (E:\workspace\mall\target\classes started by cassmall in E:\workspace\mall)
2019-02-18 19:37:12.438 [restartedMain] DEBUG priv.jesse.mall.MallApplication - Running with Spring Boot v1.5.8.RELEASE, Spring v4.3.12.RELEASE
2019-02-18 19:37:12.438 [restartedMain] INFO  priv.jesse.mall.MallApplication - No active profile set, falling back to default profiles: default
2019-02-18 19:37:12.600 [background-preinit] INFO  org.hibernate.validator.internal.util.Version - HV000001: Hibernate Validator 5.3.5.Final
2019-02-18 19:37:14.798 [restartedMain] INFO  org.apache.catalina.core.StandardService - Starting service [Tomcat]
2019-02-18 19:37:14.799 [restartedMain] INFO  org.apache.catalina.core.StandardEngine - Starting Servlet Engine: Apache Tomcat/8.5.23
2019-02-18 19:37:14.964 [localhost-startStop-1] INFO  org.apache.catalina.core.ContainerBase.[Tomcat].[localhost].[/mall] - Initializing Spring embedded WebApplicationContext
2019-02-18 19:37:16.308 [restartedMain] INFO  org.hibernate.jpa.internal.util.LogHelper - HHH000204: Processing PersistenceUnitInfo [
	name: default
	...]
2019-02-18 19:37:16.468 [restartedMain] INFO  org.hibernate.Version - HHH000412: Hibernate Core {5.0.12.Final}
2019-02-18 19:37:16.470 [restartedMain] INFO  org.hibernate.cfg.Environment - HHH000206: hibernate.properties not found
2019-02-18 19:37:16.471 [restartedMain] INFO  org.hibernate.cfg.Environment - HHH000021: Bytecode provider name : javassist
2019-02-18 19:37:16.512 [restartedMain] INFO  org.hibernate.annotations.common.Version - HCANN000001: Hibernate Commons Annotations {5.0.1.Final}
2019-02-18 19:37:16.779 [restartedMain] INFO  com.alibaba.druid.pool.DruidDataSource - {dataSource-1} inited
2019-02-18 19:37:16.787 [restartedMain] INFO  org.hibernate.dialect.Dialect - HHH000400: Using dialect: org.hibernate.dialect.MySQL5Dialect
2019-02-18 19:37:17.216 [restartedMain] INFO  org.hibernate.tool.hbm2ddl.SchemaUpdate - HHH000228: Running hbm2ddl schema update
2019-02-18 19:37:19.627 [restartedMain] INFO  org.apache.coyote.http11.Http11NioProtocol - Initializing ProtocolHandler ["http-nio-8081"]
2019-02-18 19:37:19.634 [restartedMain] INFO  org.apache.coyote.http11.Http11NioProtocol - Starting ProtocolHandler ["http-nio-8081"]
2019-02-18 19:37:19.650 [restartedMain] INFO  org.apache.tomcat.util.net.NioSelectorPool - Using a shared selector for servlet write/read
2019-02-18 19:37:19.673 [restartedMain] INFO  priv.jesse.mall.MallApplication - Started MallApplication in 7.522 seconds (JVM running for 8.91)
2019-02-18 19:37:23.104 [http-nio-8081-exec-1] INFO  org.apache.catalina.core.ContainerBase.[Tomcat].[localhost].[/mall] - Initializing Spring FrameworkServlet 'dispatcherServlet'
2019-02-18 19:37:23.182 [http-nio-8081-exec-1] INFO  org.thymeleaf.TemplateEngine - [THYMELEAF] INITIALIZING TEMPLATE ENGINE
2019-02-18 19:37:23.220 [http-nio-8081-exec-1] INFO  org.thymeleaf.templateresolver.AbstractTemplateResolver - [THYMELEAF] INITIALIZING TEMPLATE RESOLVER: org.thymeleaf.spring4.templateresolver.SpringResourceTemplateResolver
2019-02-18 19:37:23.221 [http-nio-8081-exec-1] INFO  org.thymeleaf.templateresolver.AbstractTemplateResolver - [THYMELEAF] TEMPLATE RESOLVER INITIALIZED OK
2019-02-18 19:37:23.221 [http-nio-8081-exec-1] INFO  org.thymeleaf.messageresolver.AbstractMessageResolver - [THYMELEAF] INITIALIZING MESSAGE RESOLVER: org.thymeleaf.spring4.messageresolver.SpringMessageResolver
2019-02-18 19:37:23.221 [http-nio-8081-exec-1] INFO  org.thymeleaf.messageresolver.AbstractMessageResolver - [THYMELEAF] MESSAGE RESOLVER INITIALIZED OK
2019-02-18 19:37:23.224 [http-nio-8081-exec-1] INFO  org.thymeleaf.TemplateEngine.CONFIG - [THYMELEAF] TEMPLATE ENGINE CONFIGURATION:
[THYMELEAF] * Cache Factory implementation: org.thymeleaf.cache.StandardCacheManager
[THYMELEAF] * Template modes:
[THYMELEAF]     * LEGACYHTML5
[THYMELEAF]     * XML
[THYMELEAF]     * VALIDXML
[THYMELEAF]     * HTML5
[THYMELEAF]     * VALIDXHTML
[THYMELEAF]     * XHTML
[THYMELEAF] * Template resolvers (in order):
[THYMELEAF]     * org.thymeleaf.spring4.templateresolver.SpringResourceTemplateResolver
[THYMELEAF] * Message resolvers (in order):
[THYMELEAF]     * org.thymeleaf.spring4.messageresolver.SpringMessageResolver
[THYMELEAF] * Dialect [1 of 2]: org.thymeleaf.spring4.dialect.SpringStandardDialect
[THYMELEAF]     * Prefix: "th"
[THYMELEAF] * Dialect [2 of 2]: nz.net.ultraq.thymeleaf.LayoutDialect
[THYMELEAF]     * Prefix: "layout"
[THYMELEAF] TEMPLATE ENGINE CONFIGURED OK
2019-02-18 19:37:23.225 [http-nio-8081-exec-1] INFO  org.thymeleaf.TemplateEngine - [THYMELEAF] TEMPLATE ENGINE INITIALIZED
2019-02-18 19:37:23.707 [http-nio-8081-exec-6] INFO  org.hibernate.hql.internal.QueryTranslatorFactoryInitiator - HHH000397: Using ASTQueryTranslatorFactory
2019-02-18 19:37:23.748 [http-nio-8081-exec-7] ERROR priv.jesse.mall.aspect.GlobalExceptionHandler - 未登录！请重新登录
java.lang.Exception: 未登录！请重新登录
	at priv.jesse.mall.service.impl.ShopCartServiceImpl.listCart(ShopCartServiceImpl.java:83)
	at sun.reflect.NativeMethodAccessorImpl.invoke0(Native Method)
	at sun.reflect.NativeMethodAccessorImpl.invoke(NativeMethodAccessorImpl.java:62)
	at sun.reflect.DelegatingMethodAccessorImpl.invoke(DelegatingMethodAccessorImpl.java:43)
	at java.lang.reflect.Method.invoke(Method.java:498)
	at org.springframework.aop.support.AopUtils.invokeJoinpointUsingReflection(AopUtils.java:333)
	at org.springframework.aop.framework.ReflectiveMethodInvocation.invokeJoinpoint(ReflectiveMethodInvocation.java:190)
	at org.springframework.aop.framework.ReflectiveMethodInvocation.proceed(ReflectiveMethodInvocation.java:157)
	at com.alibaba.druid.support.spring.stat.DruidStatInterceptor.invoke(DruidStatInterceptor.java:72)
	at org.springframework.aop.framework.ReflectiveMethodInvocation.proceed(ReflectiveMethodInvocation.java:179)
	at org.springframework.aop.framework.JdkDynamicAopProxy.invoke(JdkDynamicAopProxy.java:213)
	at com.sun.proxy.$Proxy109.listCart(Unknown Source)
	at priv.jesse.mall.web.user.ProductController.listCart(ProductController.java:181)
	at sun.reflect.NativeMethodAccessorImpl.invoke0(Native Method)
	at sun.reflect.NativeMethodAccessorImpl.invoke(NativeMethodAccessorImpl.java:62)
	at sun.reflect.DelegatingMethodAccessorImpl.invoke(DelegatingMethodAccessorImpl.java:43)
	at java.lang.reflect.Method.invoke(Method.java:498)
	at org.springframework.web.method.support.InvocableHandlerMethod.doInvoke(InvocableHandlerMethod.java:205)
	at org.springframework.web.method.support.InvocableHandlerMethod.invokeForRequest(InvocableHandlerMethod.java:133)
	at org.springframework.web.servlet.mvc.method.annotation.ServletInvocableHandlerMethod.invokeAndHandle(ServletInvocableHandlerMethod.java:97)
	at org.springframework.web.servlet.mvc.method.annotation.RequestMappingHandlerAdapter.invokeHandlerMethod(RequestMappingHandlerAdapter.java:827)
	at org.springframework.web.servlet.mvc.method.annotation.RequestMappingHandlerAdapter.handleInternal(RequestMappingHandlerAdapter.java:738)
	at org.springframework.web.servlet.mvc.method.AbstractHandlerMethodAdapter.handle(AbstractHandlerMethodAdapter.java:85)
	at org.springframework.web.servlet.DispatcherServlet.doDispatch(DispatcherServlet.java:967)
	at org.springframework.web.servlet.DispatcherServlet.doService(DispatcherServlet.java:901)
	at org.springframework.web.servlet.FrameworkServlet.processRequest(FrameworkServlet.java:970)
	at org.springframework.web.servlet.FrameworkServlet.doGet(FrameworkServlet.java:861)
	at javax.servlet.http.HttpServlet.service(HttpServlet.java:635)
	at org.springframework.web.servlet.FrameworkServlet.service(FrameworkServlet.java:846)
	at javax.servlet.http.HttpServlet.service(HttpServlet.java:742)
	at org.apache.catalina.core.ApplicationFilterChain.internalDoFilter(ApplicationFilterChain.java:231)
	at org.apache.catalina.core.ApplicationFilterChain.doFilter(ApplicationFilterChain.java:166)
	at org.apache.tomcat.websocket.server.WsFilter.doFilter(WsFilter.java:52)
	at org.apache.catalina.core.ApplicationFilterChain.internalDoFilter(ApplicationFilterChain.java:193)
	at org.apache.catalina.core.ApplicationFilterChain.doFilter(ApplicationFilterChain.java:166)
	at priv.jesse.mall.filter.AuthorizationFilter.doFilter(AuthorizationFilter.java:71)
	at org.apache.catalina.core.ApplicationFilterChain.internalDoFilter(ApplicationFilterChain.java:193)
	at org.apache.catalina.core.ApplicationFilterChain.doFilter(ApplicationFilterChain.java:166)
	at com.alibaba.druid.support.http.WebStatFilter.doFilter(WebStatFilter.java:123)
	at org.apache.catalina.core.ApplicationFilterChain.internalDoFilter(ApplicationFilterChain.java:193)
	at org.apache.catalina.core.ApplicationFilterChain.doFilter(ApplicationFilterChain.java:166)
	at org.springframework.web.filter.RequestContextFilter.doFilterInternal(RequestContextFilter.java:99)
	at org.springframework.web.filter.OncePerRequestFilter.doFilter(OncePerRequestFilter.java:107)
	at org.apache.catalina.core.ApplicationFilterChain.internalDoFilter(ApplicationFilterChain.java:193)
	at org.apache.catalina.core.ApplicationFilterChain.doFilter(ApplicationFilterChain.java:166)
	at org.springframework.web.filter.HttpPutFormContentFilter.doFilterInternal(HttpPutFormContentFilter.java:108)
	at org.springframework.web.filter.OncePerRequestFilter.doFilter(OncePerRequestFilter.java:107)
	at org.apache.catalina.core.ApplicationFilterChain.internalDoFilter(ApplicationFilterChain.java:193)
	at org.apache.catalina.core.ApplicationFilterChain.doFilter(ApplicationFilterChain.java:166)
	at org.springframework.web.filter.HiddenHttpMethodFilter.doFilterInternal(HiddenHttpMethodFilter.java:81)
	at org.springframework.web.filter.OncePerRequestFilter.doFilter(OncePerRequestFilter.java:107)
	at org.apache.catalina.core.ApplicationFilterChain.internalDoFilter(ApplicationFilterChain.java:193)
	at org.apache.catalina.core.ApplicationFilterChain.doFilter(ApplicationFilterChain.java:166)
	at org.springframework.web.filter.CharacterEncodingFilter.doFilterInternal(CharacterEncodingFilter.java:197)
	at org.springframework.web.filter.OncePerRequestFilter.doFilter(OncePerRequestFilter.java:107)
	at org.apache.catalina.core.ApplicationFilterChain.internalDoFilter(ApplicationFilterChain.java:193)
	at org.apache.catalina.core.ApplicationFilterChain.doFilter(ApplicationFilterChain.java:166)
	at org.apache.catalina.core.StandardWrapperValve.invoke(StandardWrapperValve.java:199)
	at org.apache.catalina.core.StandardContextValve.invoke(StandardContextValve.java:96)
	at org.apache.catalina.authenticator.AuthenticatorBase.invoke(AuthenticatorBase.java:478)
	at org.apache.catalina.core.StandardHostValve.invoke(StandardHostValve.java:140)
	at org.apache.catalina.valves.ErrorReportValve.invoke(ErrorReportValve.java:81)
	at org.apache.catalina.core.StandardEngineValve.invoke(StandardEngineValve.java:87)
	at org.apache.catalina.connector.CoyoteAdapter.service(CoyoteAdapter.java:342)
	at org.apache.coyote.http11.Http11Processor.service(Http11Processor.java:803)
	at org.apache.coyote.AbstractProcessorLight.process(AbstractProcessorLight.java:66)
	at org.apache.coyote.AbstractProtocol$ConnectionHandler.process(AbstractProtocol.java:868)
	at org.apache.tomcat.util.net.NioEndpoint$SocketProcessor.doRun(NioEndpoint.java:1459)
	at org.apache.tomcat.util.net.SocketProcessorBase.run(SocketProcessorBase.java:49)
	at java.util.concurrent.ThreadPoolExecutor.runWorker(ThreadPoolExecutor.java:1149)
	at java.util.concurrent.ThreadPoolExecutor$Worker.run(ThreadPoolExecutor.java:624)
	at org.apache.tomcat.util.threads.TaskThread$WrappingRunnable.run(TaskThread.java:61)
	at java.lang.Thread.run(Thread.java:748)
2019-02-18 19:37:23.859 [http-nio-8081-exec-7] WARN  org.springframework.web.servlet.mvc.method.annotation.ExceptionHandlerExceptionResolver - Resolved exception caused by Handler execution: java.lang.Exception: 未登录！请重新登录
